mode: atomic
github.com/munisp/UmojaFlowOS/services/payment-engine/multirail/failover.go:65.36,72.2 1 9
github.com/munisp/UmojaFlowOS/services/payment-engine/multirail/failover.go:78.104,79.16 1 75
github.com/munisp/UmojaFlowOS/services/payment-engine/multirail/failover.go:79.16,81.3 1 0
github.com/munisp/UmojaFlowOS/services/payment-engine/multirail/failover.go:82.2,82.20 1 75
github.com/munisp/UmojaFlowOS/services/payment-engine/multirail/failover.go:82.20,84.3 1 0
github.com/munisp/UmojaFlowOS/services/payment-engine/multirail/failover.go:85.2,85.44 1 75
github.com/munisp/UmojaFlowOS/services/payment-engine/multirail/failover.go:85.44,87.3 1 0
github.com/munisp/UmojaFlowOS/services/payment-engine/multirail/failover.go:88.2,88.62 1 75
github.com/munisp/UmojaFlowOS/services/payment-engine/multirail/failover.go:88.62,90.3 1 0
github.com/munisp/UmojaFlowOS/services/payment-engine/multirail/failover.go:92.2,94.16 3 75
github.com/munisp/UmojaFlowOS/services/payment-engine/multirail/failover.go:94.16,96.3 1 1
github.com/munisp/UmojaFlowOS/services/payment-engine/multirail/failover.go:97.2,97.13 1 74
github.com/munisp/UmojaFlowOS/services/payment-engine/multirail/failover.go:97.13,98.10 1 65
github.com/munisp/UmojaFlowOS/services/payment-engine/multirail/failover.go:99.20,100.32 1 64
github.com/munisp/UmojaFlowOS/services/payment-engine/multirail/failover.go:101.21,102.30 1 1
github.com/munisp/UmojaFlowOS/services/payment-engine/multirail/failover.go:106.2,108.24 3 9
github.com/munisp/UmojaFlowOS/services/payment-engine/multirail/failover.go:111.88,114.57 3 75
github.com/munisp/UmojaFlowOS/services/payment-engine/multirail/failover.go:114.57,116.3 1 1
github.com/munisp/UmojaFlowOS/services/payment-engine/multirail/failover.go:117.2,117.35 1 74
github.com/munisp/UmojaFlowOS/services/payment-engine/multirail/failover.go:117.35,120.3 2 16
github.com/munisp/UmojaFlowOS/services/payment-engine/multirail/failover.go:121.2,121.39 1 58
github.com/munisp/UmojaFlowOS/services/payment-engine/multirail/failover.go:121.39,124.3 2 0
github.com/munisp/UmojaFlowOS/services/payment-engine/multirail/failover.go:125.2,125.37 1 58
github.com/munisp/UmojaFlowOS/services/payment-engine/multirail/failover.go:125.37,127.3 1 49
github.com/munisp/UmojaFlowOS/services/payment-engine/multirail/failover.go:128.2,131.24 4 9
github.com/munisp/UmojaFlowOS/services/payment-engine/multirail/failover.go:134.36,138.2 3 16
github.com/munisp/UmojaFlowOS/services/payment-engine/multirail/failover.go:140.89,144.16 4 9
github.com/munisp/UmojaFlowOS/services/payment-engine/multirail/failover.go:144.16,146.3 1 5
github.com/munisp/UmojaFlowOS/services/payment-engine/multirail/failover.go:146.8,150.3 1 4
github.com/munisp/UmojaFlowOS/services/payment-engine/multirail/failover.go:151.2,152.18 2 9
github.com/munisp/UmojaFlowOS/services/payment-engine/multirail/failover.go:155.104,157.16 2 9
github.com/munisp/UmojaFlowOS/services/payment-engine/multirail/failover.go:157.16,158.80 1 7
github.com/munisp/UmojaFlowOS/services/payment-engine/multirail/failover.go:158.80,160.4 1 4
github.com/munisp/UmojaFlowOS/services/payment-engine/multirail/failover.go:161.3,161.67 1 3
github.com/munisp/UmojaFlowOS/services/payment-engine/multirail/failover.go:161.67,163.4 1 1
github.com/munisp/UmojaFlowOS/services/payment-engine/multirail/failover.go:164.8,166.99 2 2
github.com/munisp/UmojaFlowOS/services/payment-engine/multirail/failover.go:166.99,168.4 1 2
github.com/munisp/UmojaFlowOS/services/payment-engine/multirail/failover.go:169.3,169.10 1 0
github.com/munisp/UmojaFlowOS/services/payment-engine/multirail/failover.go:171.2,171.87 1 2
github.com/munisp/UmojaFlowOS/services/payment-engine/multirail/failover.go:171.87,173.3 1 0
github.com/munisp/UmojaFlowOS/services/payment-engine/multirail/failover.go:174.2,174.22 1 2
github.com/munisp/UmojaFlowOS/services/payment-engine/multirail/failover.go:174.22,176.3 1 1
github.com/munisp/UmojaFlowOS/services/payment-engine/multirail/failover.go:177.2,178.16 2 1
github.com/munisp/UmojaFlowOS/services/payment-engine/multirail/failover.go:178.16,180.3 1 0
github.com/munisp/UmojaFlowOS/services/payment-engine/multirail/failover.go:181.2,181.106 1 1
github.com/munisp/UmojaFlowOS/services/payment-engine/multirail/failover.go:181.106,183.3 1 0
github.com/munisp/UmojaFlowOS/services/payment-engine/multirail/failover.go:184.2,184.135 1 1
github.com/munisp/UmojaFlowOS/services/payment-engine/multirail/postgres_store.go:29.54,30.29 1 9
github.com/munisp/UmojaFlowOS/services/payment-engine/multirail/postgres_store.go:30.29,32.3 1 2
github.com/munisp/UmojaFlowOS/services/payment-engine/multirail/postgres_store.go:33.2,33.26 1 7
github.com/munisp/UmojaFlowOS/services/payment-engine/multirail/postgres_store.go:33.26,35.3 1 3
github.com/munisp/UmojaFlowOS/services/payment-engine/multirail/postgres_store.go:36.2,36.12 1 7
github.com/munisp/UmojaFlowOS/services/payment-engine/multirail/postgres_store.go:39.43,42.2 2 2
github.com/munisp/UmojaFlowOS/services/payment-engine/multirail/postgres_store.go:44.38,46.43 2 2
github.com/munisp/UmojaFlowOS/services/payment-engine/multirail/postgres_store.go:46.43,48.3 1 0
github.com/munisp/UmojaFlowOS/services/payment-engine/multirail/postgres_store.go:49.2,51.97 3 2
github.com/munisp/UmojaFlowOS/services/payment-engine/multirail/postgres_store.go:56.99,57.37 1 3
github.com/munisp/UmojaFlowOS/services/payment-engine/multirail/postgres_store.go:57.37,59.3 1 0
github.com/munisp/UmojaFlowOS/services/payment-engine/multirail/postgres_store.go:60.2,60.98 1 3
github.com/munisp/UmojaFlowOS/services/payment-engine/multirail/postgres_store.go:60.98,62.3 1 3
github.com/munisp/UmojaFlowOS/services/payment-engine/multirail/postgres_store.go:63.2,65.35 3 0
github.com/munisp/UmojaFlowOS/services/payment-engine/multirail/postgres_store.go:65.35,67.3 1 0
github.com/munisp/UmojaFlowOS/services/payment-engine/multirail/postgres_store.go:68.2,69.16 2 0
github.com/munisp/UmojaFlowOS/services/payment-engine/multirail/postgres_store.go:69.16,71.3 1 0
github.com/munisp/UmojaFlowOS/services/payment-engine/multirail/postgres_store.go:72.2,84.16 3 0
github.com/munisp/UmojaFlowOS/services/payment-engine/multirail/postgres_store.go:84.16,86.3 1 0
github.com/munisp/UmojaFlowOS/services/payment-engine/multirail/postgres_store.go:87.2,87.57 1 0
github.com/munisp/UmojaFlowOS/services/payment-engine/multirail/postgres_store.go:87.57,90.17 3 0
github.com/munisp/UmojaFlowOS/services/payment-engine/multirail/postgres_store.go:90.17,92.4 1 0
github.com/munisp/UmojaFlowOS/services/payment-engine/multirail/postgres_store.go:93.3,93.68 1 0
github.com/munisp/UmojaFlowOS/services/payment-engine/multirail/postgres_store.go:93.68,95.4 1 0
github.com/munisp/UmojaFlowOS/services/payment-engine/multirail/postgres_store.go:97.2,97.20 1 0
github.com/munisp/UmojaFlowOS/services/payment-engine/multirail/postgres_store.go:103.119,104.37 1 0
github.com/munisp/UmojaFlowOS/services/payment-engine/multirail/postgres_store.go:104.37,106.3 1 0
github.com/munisp/UmojaFlowOS/services/payment-engine/multirail/postgres_store.go:107.2,108.16 2 0
github.com/munisp/UmojaFlowOS/services/payment-engine/multirail/postgres_store.go:108.16,110.3 1 0
github.com/munisp/UmojaFlowOS/services/payment-engine/multirail/postgres_store.go:111.2,133.35 10 0
github.com/munisp/UmojaFlowOS/services/payment-engine/multirail/postgres_store.go:133.35,135.3 1 0
github.com/munisp/UmojaFlowOS/services/payment-engine/multirail/postgres_store.go:136.2,136.16 1 0
github.com/munisp/UmojaFlowOS/services/payment-engine/multirail/postgres_store.go:136.16,138.3 1 0
github.com/munisp/UmojaFlowOS/services/payment-engine/multirail/postgres_store.go:139.2,141.23 3 0
github.com/munisp/UmojaFlowOS/services/payment-engine/multirail/postgres_store.go:141.23,143.3 1 0
github.com/munisp/UmojaFlowOS/services/payment-engine/multirail/postgres_store.go:144.2,144.21 1 0
github.com/munisp/UmojaFlowOS/services/payment-engine/multirail/postgres_store.go:144.21,146.3 1 0
github.com/munisp/UmojaFlowOS/services/payment-engine/multirail/postgres_store.go:147.2,154.25 8 0
github.com/munisp/UmojaFlowOS/services/payment-engine/multirail/postgres_store.go:157.126,158.37 1 0
github.com/munisp/UmojaFlowOS/services/payment-engine/multirail/postgres_store.go:158.37,160.3 1 0
github.com/munisp/UmojaFlowOS/services/payment-engine/multirail/postgres_store.go:161.2,166.16 2 0
github.com/munisp/UmojaFlowOS/services/payment-engine/multirail/postgres_store.go:166.16,168.3 1 0
github.com/munisp/UmojaFlowOS/services/payment-engine/multirail/postgres_store.go:169.2,169.57 1 0
github.com/munisp/UmojaFlowOS/services/payment-engine/multirail/postgres_store.go:169.57,171.3 1 0
github.com/munisp/UmojaFlowOS/services/payment-engine/multirail/postgres_store.go:172.2,172.12 1 0
github.com/munisp/UmojaFlowOS/services/payment-engine/multirail/postgres_store.go:175.108,176.37 1 3
github.com/munisp/UmojaFlowOS/services/payment-engine/multirail/postgres_store.go:176.37,178.3 1 0
github.com/munisp/UmojaFlowOS/services/payment-engine/multirail/postgres_store.go:179.2,179.115 1 3
github.com/munisp/UmojaFlowOS/services/payment-engine/multirail/postgres_store.go:179.115,181.3 1 3
github.com/munisp/UmojaFlowOS/services/payment-engine/multirail/postgres_store.go:182.2,183.16 2 0
github.com/munisp/UmojaFlowOS/services/payment-engine/multirail/postgres_store.go:183.16,185.3 1 0
github.com/munisp/UmojaFlowOS/services/payment-engine/multirail/postgres_store.go:186.2,198.35 4 0
github.com/munisp/UmojaFlowOS/services/payment-engine/multirail/postgres_store.go:198.35,201.60 3 0
github.com/munisp/UmojaFlowOS/services/payment-engine/multirail/postgres_store.go:201.60,203.4 1 0
github.com/munisp/UmojaFlowOS/services/payment-engine/multirail/postgres_store.go:205.2,205.16 1 0
github.com/munisp/UmojaFlowOS/services/payment-engine/multirail/postgres_store.go:205.16,207.3 1 0
github.com/munisp/UmojaFlowOS/services/payment-engine/multirail/postgres_store.go:208.2,213.16 2 0
github.com/munisp/UmojaFlowOS/services/payment-engine/multirail/postgres_store.go:213.16,215.3 1 0
github.com/munisp/UmojaFlowOS/services/payment-engine/multirail/postgres_store.go:216.2,216.61 1 0
github.com/munisp/UmojaFlowOS/services/payment-engine/multirail/postgres_store.go:216.61,224.190 3 0
github.com/munisp/UmojaFlowOS/services/payment-engine/multirail/postgres_store.go:224.190,226.4 1 0
github.com/munisp/UmojaFlowOS/services/payment-engine/multirail/postgres_store.go:228.2,228.20 1 0
github.com/munisp/UmojaFlowOS/services/payment-engine/multirail/postgres_store.go:231.37,232.16 1 2
github.com/munisp/UmojaFlowOS/services/payment-engine/multirail/postgres_store.go:232.16,234.3 1 1
github.com/munisp/UmojaFlowOS/services/payment-engine/multirail/postgres_store.go:235.2,235.41 1 1
github.com/munisp/UmojaFlowOS/services/payment-engine/multirail/postgres_store.go:238.44,239.18 1 2
github.com/munisp/UmojaFlowOS/services/payment-engine/multirail/postgres_store.go:239.18,241.3 1 1
github.com/munisp/UmojaFlowOS/services/payment-engine/multirail/postgres_store.go:242.2,242.15 1 1
github.com/munisp/UmojaFlowOS/services/payment-engine/multirail/postgres_store.go:245.43,247.2 1 1
github.com/munisp/UmojaFlowOS/services/payment-engine/multirail/unknown_reconciliation.go:70.119,71.52 1 5
github.com/munisp/UmojaFlowOS/services/payment-engine/multirail/unknown_reconciliation.go:71.52,73.3 1 0
github.com/munisp/UmojaFlowOS/services/payment-engine/multirail/unknown_reconciliation.go:74.2,75.18 2 5
github.com/munisp/UmojaFlowOS/services/payment-engine/multirail/unknown_reconciliation.go:75.18,77.3 1 5
github.com/munisp/UmojaFlowOS/services/payment-engine/multirail/unknown_reconciliation.go:78.2,79.16 2 5
github.com/munisp/UmojaFlowOS/services/payment-engine/multirail/unknown_reconciliation.go:79.16,81.3 1 0
github.com/munisp/UmojaFlowOS/services/payment-engine/multirail/unknown_reconciliation.go:82.2,82.9 1 5
github.com/munisp/UmojaFlowOS/services/payment-engine/multirail/unknown_reconciliation.go:82.9,84.3 1 0
github.com/munisp/UmojaFlowOS/services/payment-engine/multirail/unknown_reconciliation.go:85.2,85.24 1 5
github.com/munisp/UmojaFlowOS/services/payment-engine/multirail/unknown_reconciliation.go:85.24,87.3 1 5
github.com/munisp/UmojaFlowOS/services/payment-engine/multirail/unknown_reconciliation.go:88.2,88.39 1 5
github.com/munisp/UmojaFlowOS/services/payment-engine/multirail/unknown_reconciliation.go:88.39,90.61 2 0
github.com/munisp/UmojaFlowOS/services/payment-engine/multirail/unknown_reconciliation.go:90.61,92.4 1 0
github.com/munisp/UmojaFlowOS/services/payment-engine/multirail/unknown_reconciliation.go:93.3,93.46 1 0
github.com/munisp/UmojaFlowOS/services/payment-engine/multirail/unknown_reconciliation.go:96.2,97.51 2 5
github.com/munisp/UmojaFlowOS/services/payment-engine/multirail/unknown_reconciliation.go:97.51,100.22 3 2
github.com/munisp/UmojaFlowOS/services/payment-engine/multirail/unknown_reconciliation.go:100.22,102.4 1 0
github.com/munisp/UmojaFlowOS/services/payment-engine/multirail/unknown_reconciliation.go:103.3,103.72 1 2
github.com/munisp/UmojaFlowOS/services/payment-engine/multirail/unknown_reconciliation.go:103.72,105.4 1 1
github.com/munisp/UmojaFlowOS/services/payment-engine/multirail/unknown_reconciliation.go:106.3,106.113 1 1
github.com/munisp/UmojaFlowOS/services/payment-engine/multirail/unknown_reconciliation.go:109.2,111.9 3 3
github.com/munisp/UmojaFlowOS/services/payment-engine/multirail/unknown_reconciliation.go:112.96,114.90 2 2
github.com/munisp/UmojaFlowOS/services/payment-engine/multirail/unknown_reconciliation.go:115.105,117.122 2 1
github.com/munisp/UmojaFlowOS/services/payment-engine/multirail/unknown_reconciliation.go:119.2,120.60 2 3
github.com/munisp/UmojaFlowOS/services/payment-engine/multirail/unknown_reconciliation.go:120.60,122.3 1 1
github.com/munisp/UmojaFlowOS/services/payment-engine/multirail/unknown_reconciliation.go:123.2,123.20 1 2
github.com/munisp/UmojaFlowOS/services/payment-engine/multirail/unknown_reconciliation.go:126.69,128.15 2 2
github.com/munisp/UmojaFlowOS/services/payment-engine/multirail/unknown_reconciliation.go:128.15,130.3 1 0
github.com/munisp/UmojaFlowOS/services/payment-engine/multirail/unknown_reconciliation.go:131.2,131.56 1 2
github.com/munisp/UmojaFlowOS/services/payment-engine/multirail/unknown_reconciliation.go:131.56,133.3 1 3
github.com/munisp/UmojaFlowOS/services/payment-engine/multirail/unknown_reconciliation.go:134.2,134.27 1 2
github.com/munisp/UmojaFlowOS/services/payment-engine/multirail/unknown_reconciliation.go:134.27,136.3 1 0
github.com/munisp/UmojaFlowOS/services/payment-engine/multirail/unknown_reconciliation.go:137.2,137.13 1 2
github.com/munisp/UmojaFlowOS/services/payment-engine/multirail/unknown_reconciliation.go:140.114,153.2 3 4
github.com/munisp/UmojaFlowOS/services/payment-engine/multirail/unknown_reconciliation.go:155.145,162.2 1 4
github.com/munisp/UmojaFlowOS/services/payment-engine/internal/settlement/all_rails.go:97.87,98.43 1 4
github.com/munisp/UmojaFlowOS/services/payment-engine/internal/settlement/all_rails.go:98.43,100.3 1 0
github.com/munisp/UmojaFlowOS/services/payment-engine/internal/settlement/all_rails.go:101.2,101.64 1 4
github.com/munisp/UmojaFlowOS/services/payment-engine/internal/settlement/all_rails.go:101.64,103.3 1 0
github.com/munisp/UmojaFlowOS/services/payment-engine/internal/settlement/all_rails.go:104.2,105.16 2 4
github.com/munisp/UmojaFlowOS/services/payment-engine/internal/settlement/all_rails.go:105.16,107.3 1 0
github.com/munisp/UmojaFlowOS/services/payment-engine/internal/settlement/all_rails.go:108.2,108.32 1 4
github.com/munisp/UmojaFlowOS/services/payment-engine/internal/settlement/all_rails.go:108.32,110.3 1 1
github.com/munisp/UmojaFlowOS/services/payment-engine/internal/settlement/all_rails.go:111.2,112.16 2 3
github.com/munisp/UmojaFlowOS/services/payment-engine/internal/settlement/all_rails.go:112.16,114.3 1 1
github.com/munisp/UmojaFlowOS/services/payment-engine/internal/settlement/all_rails.go:115.2,115.102 1 2
github.com/munisp/UmojaFlowOS/services/payment-engine/internal/settlement/all_rails.go:115.102,117.3 1 0
github.com/munisp/UmojaFlowOS/services/payment-engine/internal/settlement/all_rails.go:118.2,120.16 3 2
github.com/munisp/UmojaFlowOS/services/payment-engine/internal/settlement/all_rails.go:120.16,122.3 1 0
github.com/munisp/UmojaFlowOS/services/payment-engine/internal/settlement/all_rails.go:123.2,123.50 1 2
github.com/munisp/UmojaFlowOS/services/payment-engine/internal/settlement/all_rails.go:123.50,125.3 1 1
github.com/munisp/UmojaFlowOS/services/payment-engine/internal/settlement/all_rails.go:126.2,127.23 2 1
github.com/munisp/UmojaFlowOS/services/payment-engine/internal/settlement/all_rails.go:127.23,129.3 1 0
github.com/munisp/UmojaFlowOS/services/payment-engine/internal/settlement/all_rails.go:130.2,130.122 1 1
github.com/munisp/UmojaFlowOS/services/payment-engine/internal/settlement/all_rails.go:133.38,134.297 1 11
github.com/munisp/UmojaFlowOS/services/payment-engine/internal/settlement/all_rails.go:134.297,136.3 1 3
github.com/munisp/UmojaFlowOS/services/payment-engine/internal/settlement/all_rails.go:137.2,137.62 1 8
github.com/munisp/UmojaFlowOS/services/payment-engine/internal/settlement/all_rails.go:137.62,139.3 1 0
github.com/munisp/UmojaFlowOS/services/payment-engine/internal/settlement/all_rails.go:140.2,140.12 1 8
github.com/munisp/UmojaFlowOS/services/payment-engine/internal/settlement/all_rails.go:142.43,145.2 2 8
github.com/munisp/UmojaFlowOS/services/payment-engine/internal/settlement/all_rails.go:147.110,148.66 1 2
github.com/munisp/UmojaFlowOS/services/payment-engine/internal/settlement/all_rails.go:148.66,150.3 1 0
github.com/munisp/UmojaFlowOS/services/payment-engine/internal/settlement/all_rails.go:151.2,151.116 1 2
github.com/munisp/UmojaFlowOS/services/payment-engine/internal/settlement/all_rails.go:151.116,153.3 1 1
github.com/munisp/UmojaFlowOS/services/payment-engine/internal/settlement/all_rails.go:154.2,154.12 1 1
github.com/munisp/UmojaFlowOS/services/payment-engine/internal/settlement/grpc_settlement.go:23.109,24.34 1 2
github.com/munisp/UmojaFlowOS/services/payment-engine/internal/settlement/grpc_settlement.go:24.34,26.3 1 0
github.com/munisp/UmojaFlowOS/services/payment-engine/internal/settlement/grpc_settlement.go:27.2,28.16 2 2
github.com/munisp/UmojaFlowOS/services/payment-engine/internal/settlement/grpc_settlement.go:28.16,30.3 1 0
github.com/munisp/UmojaFlowOS/services/payment-engine/internal/settlement/grpc_settlement.go:31.2,32.16 2 2
github.com/munisp/UmojaFlowOS/services/payment-engine/internal/settlement/grpc_settlement.go:32.16,34.3 1 1
github.com/munisp/UmojaFlowOS/services/payment-engine/internal/settlement/grpc_settlement.go:35.2,35.26 1 1
github.com/munisp/UmojaFlowOS/services/payment-engine/internal/settlement/grpc_settlement.go:37.91,38.303 1 2
github.com/munisp/UmojaFlowOS/services/payment-engine/internal/settlement/grpc_settlement.go:38.303,40.33 2 2
github.com/munisp/UmojaFlowOS/services/payment-engine/internal/settlement/grpc_settlement.go:40.33,42.4 1 0
github.com/munisp/UmojaFlowOS/services/payment-engine/internal/settlement/grpc_settlement.go:43.3,44.25 2 2
github.com/munisp/UmojaFlowOS/services/payment-engine/internal/settlement/grpc_settlement.go:44.25,46.4 1 2
github.com/munisp/UmojaFlowOS/services/payment-engine/internal/settlement/grpc_settlement.go:47.3,48.62 2 0
github.com/munisp/UmojaFlowOS/services/payment-engine/internal/settlement/grpc_settlement.go:48.62,50.4 1 0
github.com/munisp/UmojaFlowOS/services/payment-engine/internal/settlement/grpc_settlement.go:51.3,51.45 1 0
github.com/munisp/UmojaFlowOS/services/payment-engine/internal/settlement/grpc_settlement.go:57.83,59.2 1 2
github.com/munisp/UmojaFlowOS/services/payment-engine/internal/settlement/grpc_settlement.go:60.96,61.31 1 3
github.com/munisp/UmojaFlowOS/services/payment-engine/internal/settlement/grpc_settlement.go:61.31,63.3 1 0
github.com/munisp/UmojaFlowOS/services/payment-engine/internal/settlement/grpc_settlement.go:64.2,65.16 2 3
github.com/munisp/UmojaFlowOS/services/payment-engine/internal/settlement/grpc_settlement.go:65.16,67.3 1 1
github.com/munisp/UmojaFlowOS/services/payment-engine/internal/settlement/grpc_settlement.go:68.2,69.72 2 2
github.com/munisp/UmojaFlowOS/services/payment-engine/internal/settlement/grpc_settlement.go:69.72,71.3 1 1
github.com/munisp/UmojaFlowOS/services/payment-engine/internal/settlement/grpc_settlement.go:72.2,72.30 1 1
github.com/munisp/UmojaFlowOS/services/payment-engine/internal/settlement/grpc_settlement.go:74.135,75.18 1 0
github.com/munisp/UmojaFlowOS/services/payment-engine/internal/settlement/grpc_settlement.go:75.18,77.3 1 0
github.com/munisp/UmojaFlowOS/services/payment-engine/internal/settlement/grpc_settlement.go:78.2,78.22 1 0
github.com/munisp/UmojaFlowOS/services/payment-engine/internal/settlement/grpc_settlement.go:78.22,80.3 1 0
github.com/munisp/UmojaFlowOS/services/payment-engine/internal/settlement/grpc_settlement.go:81.2,82.47 2 0
github.com/munisp/UmojaFlowOS/services/payment-engine/internal/settlement/grpc_settlement.go:85.56,86.43 1 3
github.com/munisp/UmojaFlowOS/services/payment-engine/internal/settlement/grpc_settlement.go:86.43,88.3 1 1
github.com/munisp/UmojaFlowOS/services/payment-engine/internal/settlement/grpc_settlement.go:89.2,89.375 1 2
github.com/munisp/UmojaFlowOS/services/payment-engine/internal/settlement/grpc_settlement.go:91.59,92.14 1 2
github.com/munisp/UmojaFlowOS/services/payment-engine/internal/settlement/grpc_settlement.go:92.14,94.3 1 0
github.com/munisp/UmojaFlowOS/services/payment-engine/internal/settlement/grpc_settlement.go:95.2,96.31 2 2
github.com/munisp/UmojaFlowOS/services/payment-engine/internal/settlement/grpc_settlement.go:96.31,98.10 2 32
github.com/munisp/UmojaFlowOS/services/payment-engine/internal/settlement/grpc_settlement.go:98.10,100.4 1 0
github.com/munisp/UmojaFlowOS/services/payment-engine/internal/settlement/grpc_settlement.go:101.3,101.11 1 32
github.com/munisp/UmojaFlowOS/services/payment-engine/internal/settlement/grpc_settlement.go:103.2,104.56 2 2
github.com/munisp/UmojaFlowOS/services/payment-engine/internal/settlement/grpc_settlement.go:104.56,106.3 1 0
github.com/munisp/UmojaFlowOS/services/payment-engine/internal/settlement/grpc_settlement.go:107.2,108.37 2 2
github.com/munisp/UmojaFlowOS/services/payment-engine/internal/settlement/grpc_settlement.go:108.37,111.17 3 2
github.com/munisp/UmojaFlowOS/services/payment-engine/internal/settlement/grpc_settlement.go:111.17,113.4 1 0
github.com/munisp/UmojaFlowOS/services/payment-engine/internal/settlement/grpc_settlement.go:115.2,116.16 2 2
github.com/munisp/UmojaFlowOS/services/payment-engine/internal/settlement/grpc_settlement.go:116.16,118.3 1 0
github.com/munisp/UmojaFlowOS/services/payment-engine/internal/settlement/grpc_settlement.go:119.2,119.561 1 2
github.com/munisp/UmojaFlowOS/services/payment-engine/internal/settlement/grpc_settlement.go:121.65,123.2 1 1
github.com/munisp/UmojaFlowOS/services/payment-engine/internal/settlement/grpc_settlement.go:124.67,125.14 1 1
github.com/munisp/UmojaFlowOS/services/payment-engine/internal/settlement/grpc_settlement.go:125.14,127.3 1 0
github.com/munisp/UmojaFlowOS/services/payment-engine/internal/settlement/grpc_settlement.go:128.2,129.31 2 1
github.com/munisp/UmojaFlowOS/services/payment-engine/internal/settlement/grpc_settlement.go:129.31,131.10 2 4
github.com/munisp/UmojaFlowOS/services/payment-engine/internal/settlement/grpc_settlement.go:131.10,133.4 1 0
github.com/munisp/UmojaFlowOS/services/payment-engine/internal/settlement/grpc_settlement.go:134.3,134.11 1 4
github.com/munisp/UmojaFlowOS/services/payment-engine/internal/settlement/grpc_settlement.go:136.2,137.17 2 1
github.com/munisp/UmojaFlowOS/services/payment-engine/internal/settlement/grpc_settlement.go:137.17,139.3 1 0
github.com/munisp/UmojaFlowOS/services/payment-engine/internal/settlement/grpc_settlement.go:140.2,141.161 2 1
github.com/munisp/UmojaFlowOS/services/payment-engine/internal/settlement/http_providers.go:26.55,27.42 1 5
github.com/munisp/UmojaFlowOS/services/payment-engine/internal/settlement/http_providers.go:27.42,29.3 1 0
github.com/munisp/UmojaFlowOS/services/payment-engine/internal/settlement/http_providers.go:30.2,30.159 1 5
github.com/munisp/UmojaFlowOS/services/payment-engine/internal/settlement/http_providers.go:30.159,32.3 1 1
github.com/munisp/UmojaFlowOS/services/payment-engine/internal/settlement/http_providers.go:33.2,33.23 1 4
github.com/munisp/UmojaFlowOS/services/payment-engine/internal/settlement/http_providers.go:33.23,35.3 1 0
github.com/munisp/UmojaFlowOS/services/payment-engine/internal/settlement/http_providers.go:36.2,36.12 1 4
github.com/munisp/UmojaFlowOS/services/payment-engine/internal/settlement/http_providers.go:51.136,53.16 2 5
github.com/munisp/UmojaFlowOS/services/payment-engine/internal/settlement/http_providers.go:53.16,55.3 1 0
github.com/munisp/UmojaFlowOS/services/payment-engine/internal/settlement/http_providers.go:56.2,57.16 2 5
github.com/munisp/UmojaFlowOS/services/payment-engine/internal/settlement/http_providers.go:57.16,59.3 1 0
github.com/munisp/UmojaFlowOS/services/payment-engine/internal/settlement/http_providers.go:60.2,63.21 4 5
github.com/munisp/UmojaFlowOS/services/payment-engine/internal/settlement/http_providers.go:63.21,65.3 1 5
github.com/munisp/UmojaFlowOS/services/payment-engine/internal/settlement/http_providers.go:66.2,67.16 2 5
github.com/munisp/UmojaFlowOS/services/payment-engine/internal/settlement/http_providers.go:67.16,69.3 1 1
github.com/munisp/UmojaFlowOS/services/payment-engine/internal/settlement/http_providers.go:70.2,72.16 3 4
github.com/munisp/UmojaFlowOS/services/payment-engine/internal/settlement/http_providers.go:72.16,74.3 1 0
github.com/munisp/UmojaFlowOS/services/payment-engine/internal/settlement/http_providers.go:75.2,75.53 1 4
github.com/munisp/UmojaFlowOS/services/payment-engine/internal/settlement/http_providers.go:75.53,77.3 1 0
github.com/munisp/UmojaFlowOS/services/payment-engine/internal/settlement/http_providers.go:78.2,78.16 1 4
github.com/munisp/UmojaFlowOS/services/payment-engine/internal/settlement/http_providers.go:78.16,80.3 1 0
github.com/munisp/UmojaFlowOS/services/payment-engine/internal/settlement/http_providers.go:81.2,81.50 1 4
github.com/munisp/UmojaFlowOS/services/payment-engine/internal/settlement/http_providers.go:81.50,83.3 1 1
github.com/munisp/UmojaFlowOS/services/payment-engine/internal/settlement/http_providers.go:84.2,84.12 1 3
github.com/munisp/UmojaFlowOS/services/payment-engine/internal/settlement/http_providers.go:87.46,89.2 1 4
github.com/munisp/UmojaFlowOS/services/payment-engine/internal/settlement/http_providers.go:95.69,96.48 1 2
github.com/munisp/UmojaFlowOS/services/payment-engine/internal/settlement/http_providers.go:96.48,98.3 1 1
github.com/munisp/UmojaFlowOS/services/payment-engine/internal/settlement/http_providers.go:99.2,99.37 1 1
github.com/munisp/UmojaFlowOS/services/payment-engine/internal/settlement/http_providers.go:101.98,104.16 3 1
github.com/munisp/UmojaFlowOS/services/payment-engine/internal/settlement/http_providers.go:104.16,106.3 1 0
github.com/munisp/UmojaFlowOS/services/payment-engine/internal/settlement/http_providers.go:107.2,107.26 1 1
github.com/munisp/UmojaFlowOS/services/payment-engine/internal/settlement/http_providers.go:107.26,109.3 1 0
github.com/munisp/UmojaFlowOS/services/payment-engine/internal/settlement/http_providers.go:110.2,110.144 1 1
github.com/munisp/UmojaFlowOS/services/payment-engine/internal/settlement/http_providers.go:112.86,114.2 1 0
github.com/munisp/UmojaFlowOS/services/payment-engine/internal/settlement/http_providers.go:115.88,117.2 1 1
github.com/munisp/UmojaFlowOS/services/payment-engine/internal/settlement/http_providers.go:118.87,120.2 1 0
github.com/munisp/UmojaFlowOS/services/payment-engine/internal/settlement/http_providers.go:121.86,123.2 1 0
github.com/munisp/UmojaFlowOS/services/payment-engine/internal/settlement/http_providers.go:124.87,126.2 1 0
github.com/munisp/UmojaFlowOS/services/payment-engine/internal/settlement/http_providers.go:132.83,133.48 1 1
github.com/munisp/UmojaFlowOS/services/payment-engine/internal/settlement/http_providers.go:133.48,135.3 1 0
github.com/munisp/UmojaFlowOS/services/payment-engine/internal/settlement/http_providers.go:136.2,136.44 1 1
github.com/munisp/UmojaFlowOS/services/payment-engine/internal/settlement/http_providers.go:138.102,140.2 1 2
github.com/munisp/UmojaFlowOS/services/payment-engine/internal/settlement/http_providers.go:141.101,143.2 1 0
github.com/munisp/UmojaFlowOS/services/payment-engine/internal/settlement/http_providers.go:144.97,147.16 3 0
github.com/munisp/UmojaFlowOS/services/payment-engine/internal/settlement/http_providers.go:147.16,149.3 1 0
github.com/munisp/UmojaFlowOS/services/payment-engine/internal/settlement/http_providers.go:150.2,150.26 1 0
github.com/munisp/UmojaFlowOS/services/payment-engine/internal/settlement/http_providers.go:150.26,152.3 1 0
github.com/munisp/UmojaFlowOS/services/payment-engine/internal/settlement/http_providers.go:153.2,153.32 1 0
github.com/munisp/UmojaFlowOS/services/payment-engine/internal/settlement/http_providers.go:155.105,158.16 3 2
github.com/munisp/UmojaFlowOS/services/payment-engine/internal/settlement/http_providers.go:158.16,160.3 1 2
github.com/munisp/UmojaFlowOS/services/payment-engine/internal/settlement/http_providers.go:161.2,161.26 1 0
github.com/munisp/UmojaFlowOS/services/payment-engine/internal/settlement/http_providers.go:161.26,163.3 1 0
github.com/munisp/UmojaFlowOS/services/payment-engine/internal/settlement/http_providers.go:164.2,164.176 1 0
github.com/munisp/UmojaFlowOS/services/payment-engine/internal/settlement/http_providers.go:171.85,172.48 1 1
github.com/munisp/UmojaFlowOS/services/payment-engine/internal/settlement/http_providers.go:172.48,174.3 1 0
github.com/munisp/UmojaFlowOS/services/payment-engine/internal/settlement/http_providers.go:175.2,175.45 1 1
github.com/munisp/UmojaFlowOS/services/payment-engine/internal/settlement/http_providers.go:177.103,180.16 3 1
github.com/munisp/UmojaFlowOS/services/payment-engine/internal/settlement/http_providers.go:180.16,182.3 1 0
github.com/munisp/UmojaFlowOS/services/payment-engine/internal/settlement/http_providers.go:183.2,183.26 1 1
github.com/munisp/UmojaFlowOS/services/payment-engine/internal/settlement/http_providers.go:183.26,185.3 1 0
github.com/munisp/UmojaFlowOS/services/payment-engine/internal/settlement/http_providers.go:186.2,186.124 1 1
github.com/munisp/UmojaFlowOS/services/payment-engine/internal/settlement/http_providers.go:188.93,190.16 2 1
github.com/munisp/UmojaFlowOS/services/payment-engine/internal/settlement/http_providers.go:190.16,192.3 1 0
github.com/munisp/UmojaFlowOS/services/payment-engine/internal/settlement/http_providers.go:193.2,193.26 1 1
github.com/munisp/UmojaFlowOS/services/payment-engine/internal/settlement/http_providers.go:193.26,195.3 1 0
github.com/munisp/UmojaFlowOS/services/payment-engine/internal/settlement/http_providers.go:196.2,196.104 1 1
github.com/munisp/UmojaFlowOS/services/payment-engine/internal/settlement/http_providers.go:202.87,203.48 1 1
github.com/munisp/UmojaFlowOS/services/payment-engine/internal/settlement/http_providers.go:203.48,205.3 1 0
github.com/munisp/UmojaFlowOS/services/payment-engine/internal/settlement/http_providers.go:206.2,206.46 1 1
github.com/munisp/UmojaFlowOS/services/payment-engine/internal/settlement/http_providers.go:208.94,211.16 3 1
github.com/munisp/UmojaFlowOS/services/payment-engine/internal/settlement/http_providers.go:211.16,213.3 1 0
github.com/munisp/UmojaFlowOS/services/payment-engine/internal/settlement/http_providers.go:214.2,214.24 1 1
github.com/munisp/UmojaFlowOS/services/payment-engine/internal/settlement/http_providers.go:214.24,216.3 1 0
github.com/munisp/UmojaFlowOS/services/payment-engine/internal/settlement/http_providers.go:217.2,217.90 1 1
github.com/munisp/UmojaFlowOS/services/payment-engine/internal/settlement/http_providers.go:222.68,223.37 1 1
github.com/munisp/UmojaFlowOS/services/payment-engine/internal/settlement/http_providers.go:223.37,225.3 1 0
github.com/munisp/UmojaFlowOS/services/payment-engine/internal/settlement/http_providers.go:226.2,230.96 5 1
github.com/munisp/UmojaFlowOS/services/payment-engine/internal/settlement/http_providers.go:230.96,232.3 1 1
github.com/munisp/UmojaFlowOS/services/payment-engine/internal/settlement/http_providers.go:233.2,234.47 2 1
github.com/munisp/UmojaFlowOS/services/payment-engine/internal/settlement/http_providers.go:234.47,236.3 1 0
github.com/munisp/UmojaFlowOS/services/payment-engine/internal/settlement/http_providers.go:237.2,237.76 1 1
github.com/munisp/UmojaFlowOS/services/payment-engine/internal/settlement/http_providers.go:244.133,245.73 1 7
github.com/munisp/UmojaFlowOS/services/payment-engine/internal/settlement/http_providers.go:245.73,247.3 1 0
github.com/munisp/UmojaFlowOS/services/payment-engine/internal/settlement/http_providers.go:248.2,250.53 3 7
github.com/munisp/UmojaFlowOS/services/payment-engine/internal/settlement/http_providers.go:250.53,252.25 2 16
github.com/munisp/UmojaFlowOS/services/payment-engine/internal/settlement/http_providers.go:252.25,254.4 1 0
github.com/munisp/UmojaFlowOS/services/payment-engine/internal/settlement/http_providers.go:255.3,255.39 1 16
github.com/munisp/UmojaFlowOS/services/payment-engine/internal/settlement/http_providers.go:256.12,257.23 1 8
github.com/munisp/UmojaFlowOS/services/payment-engine/internal/settlement/http_providers.go:257.23,259.5 1 1
github.com/munisp/UmojaFlowOS/services/payment-engine/internal/settlement/http_providers.go:260.4,260.27 1 7
github.com/munisp/UmojaFlowOS/services/payment-engine/internal/settlement/http_providers.go:261.13,262.25 1 7
github.com/munisp/UmojaFlowOS/services/payment-engine/internal/settlement/http_providers.go:262.25,264.5 1 0
github.com/munisp/UmojaFlowOS/services/payment-engine/internal/settlement/http_providers.go:265.4,265.29 1 7
github.com/munisp/UmojaFlowOS/services/payment-engine/internal/settlement/http_providers.go:266.11,267.16 1 1
github.com/munisp/UmojaFlowOS/services/payment-engine/internal/settlement/http_providers.go:270.2,271.56 2 5
github.com/munisp/UmojaFlowOS/services/payment-engine/internal/settlement/http_providers.go:271.56,273.3 1 0
github.com/munisp/UmojaFlowOS/services/payment-engine/internal/settlement/http_providers.go:274.2,276.42 3 5
github.com/munisp/UmojaFlowOS/services/payment-engine/internal/settlement/http_providers.go:276.42,278.3 1 2
github.com/munisp/UmojaFlowOS/services/payment-engine/internal/settlement/http_providers.go:279.2,280.48 2 3
github.com/munisp/UmojaFlowOS/services/payment-engine/internal/settlement/http_providers.go:280.48,282.3 1 1
github.com/munisp/UmojaFlowOS/services/payment-engine/internal/settlement/http_providers.go:283.2,286.43 4 2
github.com/munisp/UmojaFlowOS/services/payment-engine/internal/settlement/http_providers.go:288.43,290.44 2 0
github.com/munisp/UmojaFlowOS/services/payment-engine/internal/settlement/http_providers.go:290.44,292.3 1 0
github.com/munisp/UmojaFlowOS/services/payment-engine/internal/settlement/http_providers.go:293.2,293.15 1 0
github.com/munisp/UmojaFlowOS/services/payment-engine/internal/provider/circlemint.go:33.107,35.2 1 0
github.com/munisp/UmojaFlowOS/services/payment-engine/internal/provider/circlemint.go:50.78,52.143 2 3
github.com/munisp/UmojaFlowOS/services/payment-engine/internal/provider/circlemint.go:52.143,54.3 1 0
github.com/munisp/UmojaFlowOS/services/payment-engine/internal/provider/circlemint.go:55.2,55.132 1 3
github.com/munisp/UmojaFlowOS/services/payment-engine/internal/provider/circlemint.go:55.132,57.3 1 1
github.com/munisp/UmojaFlowOS/services/payment-engine/internal/provider/circlemint.go:58.2,58.44 1 2
github.com/munisp/UmojaFlowOS/services/payment-engine/internal/provider/circlemint.go:58.44,60.3 1 1
github.com/munisp/UmojaFlowOS/services/payment-engine/internal/provider/circlemint.go:61.2,62.19 2 1
github.com/munisp/UmojaFlowOS/services/payment-engine/internal/provider/circlemint.go:62.19,64.3 1 1
github.com/munisp/UmojaFlowOS/services/payment-engine/internal/provider/circlemint.go:65.2,65.86 1 1
github.com/munisp/UmojaFlowOS/services/payment-engine/internal/provider/circlemint.go:84.33,86.29 2 2
github.com/munisp/UmojaFlowOS/services/payment-engine/internal/provider/circlemint.go:86.29,87.30 1 3
github.com/munisp/UmojaFlowOS/services/payment-engine/internal/provider/circlemint.go:87.30,88.12 1 1
github.com/munisp/UmojaFlowOS/services/payment-engine/internal/provider/circlemint.go:90.3,91.31 2 2
github.com/munisp/UmojaFlowOS/services/payment-engine/internal/provider/circlemint.go:91.31,93.4 1 0
github.com/munisp/UmojaFlowOS/services/payment-engine/internal/provider/circlemint.go:94.3,94.70 1 2
github.com/munisp/UmojaFlowOS/services/payment-engine/internal/provider/circlemint.go:96.2,96.22 1 2
github.com/munisp/UmojaFlowOS/services/payment-engine/internal/provider/circlemint.go:102.115,103.71 1 1
github.com/munisp/UmojaFlowOS/services/payment-engine/internal/provider/circlemint.go:103.71,105.3 1 0
github.com/munisp/UmojaFlowOS/services/payment-engine/internal/provider/circlemint.go:106.2,109.39 4 1
github.com/munisp/UmojaFlowOS/services/payment-engine/internal/provider/circlemint.go:109.39,111.3 1 1
github.com/munisp/UmojaFlowOS/services/payment-engine/internal/provider/circlemint.go:112.2,114.16 3 1
github.com/munisp/UmojaFlowOS/services/payment-engine/internal/provider/circlemint.go:114.16,116.3 1 0
github.com/munisp/UmojaFlowOS/services/payment-engine/internal/provider/circlemint.go:117.2,120.16 4 1
github.com/munisp/UmojaFlowOS/services/payment-engine/internal/provider/circlemint.go:120.16,122.3 1 0
github.com/munisp/UmojaFlowOS/services/payment-engine/internal/provider/circlemint.go:123.2,124.42 2 1
github.com/munisp/UmojaFlowOS/services/payment-engine/internal/provider/circlemint.go:124.42,127.3 2 0
github.com/munisp/UmojaFlowOS/services/payment-engine/internal/provider/circlemint.go:128.2,129.98 2 1
github.com/munisp/UmojaFlowOS/services/payment-engine/internal/provider/circlemint.go:129.98,131.3 1 0
github.com/munisp/UmojaFlowOS/services/payment-engine/internal/provider/circlemint.go:132.2,133.16 2 1
github.com/munisp/UmojaFlowOS/services/payment-engine/internal/provider/circlemint.go:133.16,135.3 1 0
github.com/munisp/UmojaFlowOS/services/payment-engine/internal/provider/circlemint.go:136.2,137.16 2 1
github.com/munisp/UmojaFlowOS/services/payment-engine/internal/provider/circlemint.go:137.16,139.3 1 0
github.com/munisp/UmojaFlowOS/services/payment-engine/internal/provider/circlemint.go:140.2,140.80 1 1
github.com/munisp/UmojaFlowOS/services/payment-engine/internal/provider/daraja.go:27.90,29.2 1 0
github.com/munisp/UmojaFlowOS/services/payment-engine/internal/provider/daraja.go:46.66,48.143 2 4
github.com/munisp/UmojaFlowOS/services/payment-engine/internal/provider/daraja.go:48.143,50.3 1 0
github.com/munisp/UmojaFlowOS/services/payment-engine/internal/provider/daraja.go:51.2,51.132 1 4
github.com/munisp/UmojaFlowOS/services/payment-engine/internal/provider/daraja.go:51.132,53.3 1 1
github.com/munisp/UmojaFlowOS/services/payment-engine/internal/provider/daraja.go:54.2,54.99 1 3
github.com/munisp/UmojaFlowOS/services/payment-engine/internal/provider/daraja.go:54.99,56.3 1 1
github.com/munisp/UmojaFlowOS/services/payment-engine/internal/provider/daraja.go:57.2,58.19 2 2
github.com/munisp/UmojaFlowOS/services/payment-engine/internal/provider/daraja.go:58.19,60.3 1 2
github.com/munisp/UmojaFlowOS/services/payment-engine/internal/provider/daraja.go:61.2,61.131 1 2
github.com/munisp/UmojaFlowOS/services/payment-engine/internal/provider/daraja.go:67.89,68.121 1 2
github.com/munisp/UmojaFlowOS/services/payment-engine/internal/provider/daraja.go:68.121,70.3 1 0
github.com/munisp/UmojaFlowOS/services/payment-engine/internal/provider/daraja.go:71.2,77.16 7 2
github.com/munisp/UmojaFlowOS/services/payment-engine/internal/provider/daraja.go:77.16,79.3 1 0
github.com/munisp/UmojaFlowOS/services/payment-engine/internal/provider/daraja.go:80.2,83.16 4 2
github.com/munisp/UmojaFlowOS/services/payment-engine/internal/provider/daraja.go:83.16,85.3 1 0
github.com/munisp/UmojaFlowOS/services/payment-engine/internal/provider/daraja.go:86.2,87.42 2 2
github.com/munisp/UmojaFlowOS/services/payment-engine/internal/provider/daraja.go:87.42,90.3 2 0
github.com/munisp/UmojaFlowOS/services/payment-engine/internal/provider/daraja.go:91.2,95.97 2 2
github.com/munisp/UmojaFlowOS/services/payment-engine/internal/provider/daraja.go:95.97,97.3 1 0
github.com/munisp/UmojaFlowOS/services/payment-engine/internal/provider/daraja.go:98.2,99.73 2 2
github.com/munisp/UmojaFlowOS/services/payment-engine/internal/provider/daraja.go:99.73,101.3 1 1
github.com/munisp/UmojaFlowOS/services/payment-engine/internal/provider/daraja.go:102.2,103.82 2 2
github.com/munisp/UmojaFlowOS/services/payment-engine/internal/provider/daraja.go:103.82,105.3 1 0
github.com/munisp/UmojaFlowOS/services/payment-engine/internal/provider/daraja.go:106.2,106.87 1 2
github.com/munisp/UmojaFlowOS/services/payment-engine/internal/provider/mojaloop.go:53.100,55.2 1 1
github.com/munisp/UmojaFlowOS/services/payment-engine/internal/provider/mojaloop.go:57.115,59.2 1 0
github.com/munisp/UmojaFlowOS/services/payment-engine/internal/provider/mojaloop.go:76.65,77.57 1 15
github.com/munisp/UmojaFlowOS/services/payment-engine/internal/provider/mojaloop.go:77.57,79.3 1 0
github.com/munisp/UmojaFlowOS/services/payment-engine/internal/provider/mojaloop.go:80.2,81.64 2 15
github.com/munisp/UmojaFlowOS/services/payment-engine/internal/provider/mojaloop.go:81.64,83.3 1 1
github.com/munisp/UmojaFlowOS/services/payment-engine/internal/provider/mojaloop.go:84.2,85.31 2 14
github.com/munisp/UmojaFlowOS/services/payment-engine/internal/provider/mojaloop.go:85.31,87.3 1 0
github.com/munisp/UmojaFlowOS/services/payment-engine/internal/provider/mojaloop.go:88.2,88.158 1 14
github.com/munisp/UmojaFlowOS/services/payment-engine/internal/provider/mojaloop.go:88.158,90.3 1 0
github.com/munisp/UmojaFlowOS/services/payment-engine/internal/provider/mojaloop.go:91.2,91.88 1 14
github.com/munisp/UmojaFlowOS/services/payment-engine/internal/provider/mojaloop.go:91.88,93.3 1 2
github.com/munisp/UmojaFlowOS/services/payment-engine/internal/provider/mojaloop.go:94.2,94.101 1 12
github.com/munisp/UmojaFlowOS/services/payment-engine/internal/provider/mojaloop.go:94.101,96.3 1 3
github.com/munisp/UmojaFlowOS/services/payment-engine/internal/provider/mojaloop.go:97.2,97.12 1 9
github.com/munisp/UmojaFlowOS/services/payment-engine/internal/provider/mojaloop.go:122.84,124.143 2 8
github.com/munisp/UmojaFlowOS/services/payment-engine/internal/provider/mojaloop.go:124.143,126.3 1 0
github.com/munisp/UmojaFlowOS/services/payment-engine/internal/provider/mojaloop.go:127.2,127.132 1 8
github.com/munisp/UmojaFlowOS/services/payment-engine/internal/provider/mojaloop.go:127.132,129.3 1 1
github.com/munisp/UmojaFlowOS/services/payment-engine/internal/provider/mojaloop.go:130.2,130.52 1 7
github.com/munisp/UmojaFlowOS/services/payment-engine/internal/provider/mojaloop.go:130.52,132.3 1 0
github.com/munisp/UmojaFlowOS/services/payment-engine/internal/provider/mojaloop.go:133.2,133.26 1 7
github.com/munisp/UmojaFlowOS/services/payment-engine/internal/provider/mojaloop.go:133.26,135.3 1 1
github.com/munisp/UmojaFlowOS/services/payment-engine/internal/provider/mojaloop.go:136.2,137.19 2 6
github.com/munisp/UmojaFlowOS/services/payment-engine/internal/provider/mojaloop.go:137.19,139.3 1 6
github.com/munisp/UmojaFlowOS/services/payment-engine/internal/provider/mojaloop.go:140.2,140.119 1 6
github.com/munisp/UmojaFlowOS/services/payment-engine/internal/provider/mojaloop.go:143.39,144.25 1 15
github.com/munisp/UmojaFlowOS/services/payment-engine/internal/provider/mojaloop.go:144.25,146.3 1 0
github.com/munisp/UmojaFlowOS/services/payment-engine/internal/provider/mojaloop.go:147.2,148.47 2 15
github.com/munisp/UmojaFlowOS/services/payment-engine/internal/provider/mojaloop.go:164.132,165.93 1 2
github.com/munisp/UmojaFlowOS/services/payment-engine/internal/provider/mojaloop.go:165.93,167.3 1 0
github.com/munisp/UmojaFlowOS/services/payment-engine/internal/provider/mojaloop.go:168.2,168.57 1 2
github.com/munisp/UmojaFlowOS/services/payment-engine/internal/provider/mojaloop.go:168.57,170.3 1 0
github.com/munisp/UmojaFlowOS/services/payment-engine/internal/provider/mojaloop.go:171.2,171.41 1 2
github.com/munisp/UmojaFlowOS/services/payment-engine/internal/provider/mojaloop.go:171.41,173.3 1 0
github.com/munisp/UmojaFlowOS/services/payment-engine/internal/provider/mojaloop.go:174.2,176.54 3 2
github.com/munisp/UmojaFlowOS/services/payment-engine/internal/provider/mojaloop.go:176.54,178.3 1 0
github.com/munisp/UmojaFlowOS/services/payment-engine/internal/provider/mojaloop.go:179.2,181.16 3 2
github.com/munisp/UmojaFlowOS/services/payment-engine/internal/provider/mojaloop.go:181.16,183.3 1 0
github.com/munisp/UmojaFlowOS/services/payment-engine/internal/provider/mojaloop.go:184.2,190.16 7 2
github.com/munisp/UmojaFlowOS/services/payment-engine/internal/provider/mojaloop.go:190.16,192.3 1 0
github.com/munisp/UmojaFlowOS/services/payment-engine/internal/provider/mojaloop.go:193.2,194.42 2 2
github.com/munisp/UmojaFlowOS/services/payment-engine/internal/provider/mojaloop.go:194.42,197.3 2 1
github.com/munisp/UmojaFlowOS/services/payment-engine/internal/provider/mojaloop.go:198.2,199.96 2 1
github.com/munisp/UmojaFlowOS/services/payment-engine/internal/provider/mojaloop.go:199.96,201.3 1 0
github.com/munisp/UmojaFlowOS/services/payment-engine/internal/provider/mojaloop.go:202.2,202.101 1 1
github.com/munisp/UmojaFlowOS/services/payment-engine/internal/provider/mojaloop.go:202.101,204.3 1 0
github.com/munisp/UmojaFlowOS/services/payment-engine/internal/provider/mojaloop.go:205.2,205.20 1 1
github.com/munisp/UmojaFlowOS/services/payment-engine/internal/provider/mojaloop.go:208.117,209.57 1 5
github.com/munisp/UmojaFlowOS/services/payment-engine/internal/provider/mojaloop.go:209.57,211.3 1 2
github.com/munisp/UmojaFlowOS/services/payment-engine/internal/provider/mojaloop.go:212.2,212.41 1 3
github.com/munisp/UmojaFlowOS/services/payment-engine/internal/provider/mojaloop.go:212.41,214.3 1 0
github.com/munisp/UmojaFlowOS/services/payment-engine/internal/provider/mojaloop.go:215.2,226.16 5 3
github.com/munisp/UmojaFlowOS/services/payment-engine/internal/provider/mojaloop.go:226.16,228.3 1 0
github.com/munisp/UmojaFlowOS/services/payment-engine/internal/provider/mojaloop.go:229.2,231.54 3 3
github.com/munisp/UmojaFlowOS/services/payment-engine/internal/provider/mojaloop.go:231.54,233.3 1 0
github.com/munisp/UmojaFlowOS/services/payment-engine/internal/provider/mojaloop.go:234.2,236.16 3 3
github.com/munisp/UmojaFlowOS/services/payment-engine/internal/provider/mojaloop.go:236.16,238.3 1 0
github.com/munisp/UmojaFlowOS/services/payment-engine/internal/provider/mojaloop.go:239.2,249.16 10 3
github.com/munisp/UmojaFlowOS/services/payment-engine/internal/provider/mojaloop.go:249.16,251.3 1 0
github.com/munisp/UmojaFlowOS/services/payment-engine/internal/provider/mojaloop.go:252.2,255.48 2 3
github.com/munisp/UmojaFlowOS/services/payment-engine/internal/provider/mojaloop.go:255.48,258.3 2 2
github.com/munisp/UmojaFlowOS/services/payment-engine/internal/provider/mojaloop.go:259.2,259.39 1 1
github.com/munisp/UmojaFlowOS/services/payment-engine/internal/provider/mojaloop.go:262.55,264.17 2 22
github.com/munisp/UmojaFlowOS/services/payment-engine/internal/provider/mojaloop.go:264.17,266.3 1 0
github.com/munisp/UmojaFlowOS/services/payment-engine/internal/provider/mojaloop.go:267.2,267.132 1 22
github.com/munisp/UmojaFlowOS/services/payment-engine/internal/provider/mojaloop.go:267.132,268.63 1 25
github.com/munisp/UmojaFlowOS/services/payment-engine/internal/provider/mojaloop.go:268.63,270.4 1 21
github.com/munisp/UmojaFlowOS/services/payment-engine/internal/provider/mojaloop.go:272.2,272.53 1 1
github.com/munisp/UmojaFlowOS/services/payment-engine/internal/provider/mojaloop.go:275.69,277.40 2 12
github.com/munisp/UmojaFlowOS/services/payment-engine/internal/provider/mojaloop.go:277.40,279.3 1 1
github.com/munisp/UmojaFlowOS/services/payment-engine/internal/provider/mojaloop.go:283.2,283.57 1 11
github.com/munisp/UmojaFlowOS/services/payment-engine/internal/provider/mojaloop.go:283.57,285.3 1 1
github.com/munisp/UmojaFlowOS/services/payment-engine/internal/provider/mojaloop.go:286.2,287.45 2 10
github.com/munisp/UmojaFlowOS/services/payment-engine/internal/provider/mojaloop.go:287.45,289.3 1 1
github.com/munisp/UmojaFlowOS/services/payment-engine/internal/provider/mojaloop.go:290.2,290.12 1 9
github.com/munisp/UmojaFlowOS/services/payment-engine/internal/provider/mojaloop.go:293.98,295.15 2 0
github.com/munisp/UmojaFlowOS/services/payment-engine/internal/provider/mojaloop.go:296.19,297.141 1 0
github.com/munisp/UmojaFlowOS/services/payment-engine/internal/provider/mojaloop.go:298.56,299.146 1 0
github.com/munisp/UmojaFlowOS/services/payment-engine/internal/provider/mojaloop.go:300.17,301.179 1 0
github.com/munisp/UmojaFlowOS/services/payment-engine/internal/provider/mojaloop.go:302.10,303.178 1 0
github.com/munisp/UmojaFlowOS/services/payment-engine/internal/provider/mojaloop_multirail.go:25.129,26.19 1 3
github.com/munisp/UmojaFlowOS/services/payment-engine/internal/provider/mojaloop_multirail.go:26.19,28.3 1 0
github.com/munisp/UmojaFlowOS/services/payment-engine/internal/provider/mojaloop_multirail.go:29.2,29.20 1 3
github.com/munisp/UmojaFlowOS/services/payment-engine/internal/provider/mojaloop_multirail.go:29.20,31.3 1 3
github.com/munisp/UmojaFlowOS/services/payment-engine/internal/provider/mojaloop_multirail.go:32.2,32.79 1 3
github.com/munisp/UmojaFlowOS/services/payment-engine/internal/provider/mojaloop_multirail.go:35.38,36.51 1 1
github.com/munisp/UmojaFlowOS/services/payment-engine/internal/provider/mojaloop_multirail.go:36.51,38.3 1 0
github.com/munisp/UmojaFlowOS/services/payment-engine/internal/provider/mojaloop_multirail.go:39.2,39.17 1 1
github.com/munisp/UmojaFlowOS/services/payment-engine/internal/provider/mojaloop_multirail.go:42.107,43.51 1 2
github.com/munisp/UmojaFlowOS/services/payment-engine/internal/provider/mojaloop_multirail.go:43.51,45.3 1 0
github.com/munisp/UmojaFlowOS/services/payment-engine/internal/provider/mojaloop_multirail.go:46.2,47.16 2 2
github.com/munisp/UmojaFlowOS/services/payment-engine/internal/provider/mojaloop_multirail.go:47.16,49.3 1 0
github.com/munisp/UmojaFlowOS/services/payment-engine/internal/provider/mojaloop_multirail.go:50.2,50.56 1 2
github.com/munisp/UmojaFlowOS/services/payment-engine/internal/provider/mojaloop_multirail.go:50.56,52.3 1 0
github.com/munisp/UmojaFlowOS/services/payment-engine/internal/provider/mojaloop_multirail.go:53.2,54.16 2 2
github.com/munisp/UmojaFlowOS/services/payment-engine/internal/provider/mojaloop_multirail.go:54.16,56.3 1 1
github.com/munisp/UmojaFlowOS/services/payment-engine/internal/provider/mojaloop_multirail.go:57.2,57.84 1 1
github.com/munisp/UmojaFlowOS/services/payment-engine/internal/provider/mojaloop_multirail.go:57.84,59.3 1 0
github.com/munisp/UmojaFlowOS/services/payment-engine/internal/provider/mojaloop_multirail.go:60.2,60.157 1 1
github.com/munisp/UmojaFlowOS/services/payment-engine/internal/provider/mojaloop_multirail.go:63.106,64.51 1 1
github.com/munisp/UmojaFlowOS/services/payment-engine/internal/provider/mojaloop_multirail.go:64.51,66.3 1 0
github.com/munisp/UmojaFlowOS/services/payment-engine/internal/provider/mojaloop_multirail.go:67.2,68.16 2 1
github.com/munisp/UmojaFlowOS/services/payment-engine/internal/provider/mojaloop_multirail.go:68.16,70.3 1 0
github.com/munisp/UmojaFlowOS/services/payment-engine/internal/provider/mojaloop_multirail.go:71.2,72.16 2 1
github.com/munisp/UmojaFlowOS/services/payment-engine/internal/provider/mojaloop_multirail.go:72.16,74.3 1 1
github.com/munisp/UmojaFlowOS/services/payment-engine/internal/provider/mojaloop_multirail.go:75.2,75.47 1 0
github.com/munisp/UmojaFlowOS/services/payment-engine/internal/provider/mojaloop_multirail.go:82.90,83.61 1 4
github.com/munisp/UmojaFlowOS/services/payment-engine/internal/provider/mojaloop_multirail.go:83.61,85.3 1 0
github.com/munisp/UmojaFlowOS/services/payment-engine/internal/provider/mojaloop_multirail.go:86.2,87.69 2 4
github.com/munisp/UmojaFlowOS/services/payment-engine/internal/provider/mojaloop_multirail.go:87.69,89.3 1 0
github.com/munisp/UmojaFlowOS/services/payment-engine/internal/provider/mojaloop_multirail.go:90.2,90.37 1 4
github.com/munisp/UmojaFlowOS/services/payment-engine/internal/provider/mojaloop_multirail.go:90.37,103.91 2 0
github.com/munisp/UmojaFlowOS/services/payment-engine/internal/provider/mojaloop_multirail.go:103.91,105.4 1 0
github.com/munisp/UmojaFlowOS/services/payment-engine/internal/provider/mojaloop_multirail.go:106.3,109.28 4 0
github.com/munisp/UmojaFlowOS/services/payment-engine/internal/provider/mojaloop_multirail.go:109.28,112.18 3 0
github.com/munisp/UmojaFlowOS/services/payment-engine/internal/provider/mojaloop_multirail.go:112.18,114.5 1 0
github.com/munisp/UmojaFlowOS/services/payment-engine/internal/provider/mojaloop_multirail.go:117.2,117.56 1 4
github.com/munisp/UmojaFlowOS/services/payment-engine/internal/provider/mojaloop_multirail.go:117.56,119.3 1 0
github.com/munisp/UmojaFlowOS/services/payment-engine/internal/provider/mojaloop_multirail.go:120.2,120.57 1 4
github.com/munisp/UmojaFlowOS/services/payment-engine/internal/provider/mojaloop_multirail.go:120.57,122.3 1 1
github.com/munisp/UmojaFlowOS/services/payment-engine/internal/provider/mojaloop_multirail.go:123.2,123.25 1 3
github.com/munisp/UmojaFlowOS/services/payment-engine/internal/provider/mojaloop_multirail.go:126.63,128.16 2 0
github.com/munisp/UmojaFlowOS/services/payment-engine/internal/provider/mojaloop_multirail.go:128.16,130.3 1 0
github.com/munisp/UmojaFlowOS/services/payment-engine/internal/provider/mojaloop_multirail.go:131.2,131.20 1 0
github.com/munisp/UmojaFlowOS/services/payment-engine/internal/provider/mojaloop_signer_retry.go:20.59,21.24 1 5
github.com/munisp/UmojaFlowOS/services/payment-engine/internal/provider/mojaloop_signer_retry.go:21.24,23.3 1 0
github.com/munisp/UmojaFlowOS/services/payment-engine/internal/provider/mojaloop_signer_retry.go:24.2,24.25 1 5
github.com/munisp/UmojaFlowOS/services/payment-engine/internal/provider/mojaloop_signer_retry.go:24.25,26.3 1 1
github.com/munisp/UmojaFlowOS/services/payment-engine/internal/provider/mojaloop_signer_retry.go:27.2,27.21 1 5
github.com/munisp/UmojaFlowOS/services/payment-engine/internal/provider/mojaloop_signer_retry.go:27.21,29.3 1 1
github.com/munisp/UmojaFlowOS/services/payment-engine/internal/provider/mojaloop_signer_retry.go:30.2,30.33 1 5
github.com/munisp/UmojaFlowOS/services/payment-engine/internal/provider/mojaloop_signer_retry.go:30.33,32.3 1 0
github.com/munisp/UmojaFlowOS/services/payment-engine/internal/provider/mojaloop_signer_retry.go:33.2,33.20 1 5
github.com/munisp/UmojaFlowOS/services/payment-engine/internal/provider/mojaloop_signer_retry.go:33.20,35.3 1 1
github.com/munisp/UmojaFlowOS/services/payment-engine/internal/provider/mojaloop_signer_retry.go:36.2,36.10 1 5
github.com/munisp/UmojaFlowOS/services/payment-engine/internal/provider/mojaloop_signer_retry.go:55.68,56.14 1 3
github.com/munisp/UmojaFlowOS/services/payment-engine/internal/provider/mojaloop_signer_retry.go:56.14,58.3 1 0
github.com/munisp/UmojaFlowOS/services/payment-engine/internal/provider/mojaloop_signer_retry.go:59.2,64.3 1 3
github.com/munisp/UmojaFlowOS/services/payment-engine/internal/provider/mojaloop_signer_retry.go:76.141,77.17 1 5
github.com/munisp/UmojaFlowOS/services/payment-engine/internal/provider/mojaloop_signer_retry.go:77.17,79.3 1 0
github.com/munisp/UmojaFlowOS/services/payment-engine/internal/provider/mojaloop_signer_retry.go:80.2,80.20 1 5
github.com/munisp/UmojaFlowOS/services/payment-engine/internal/provider/mojaloop_signer_retry.go:80.20,82.3 1 1
github.com/munisp/UmojaFlowOS/services/payment-engine/internal/provider/mojaloop_signer_retry.go:83.2,83.96 1 5
github.com/munisp/UmojaFlowOS/services/payment-engine/internal/provider/mojaloop_signer_retry.go:86.122,87.31 1 5
github.com/munisp/UmojaFlowOS/services/payment-engine/internal/provider/mojaloop_signer_retry.go:87.31,89.3 1 0
github.com/munisp/UmojaFlowOS/services/payment-engine/internal/provider/mojaloop_signer_retry.go:90.2,90.16 1 5
github.com/munisp/UmojaFlowOS/services/payment-engine/internal/provider/mojaloop_signer_retry.go:90.16,92.3 1 0
github.com/munisp/UmojaFlowOS/services/payment-engine/internal/provider/mojaloop_signer_retry.go:93.2,93.63 1 5
github.com/munisp/UmojaFlowOS/services/payment-engine/internal/provider/mojaloop_signer_retry.go:93.63,96.36 3 10
github.com/munisp/UmojaFlowOS/services/payment-engine/internal/provider/mojaloop_signer_retry.go:96.36,98.4 1 2
github.com/munisp/UmojaFlowOS/services/payment-engine/internal/provider/mojaloop_signer_retry.go:99.3,99.17 1 8
github.com/munisp/UmojaFlowOS/services/payment-engine/internal/provider/mojaloop_signer_retry.go:99.17,101.4 1 0
github.com/munisp/UmojaFlowOS/services/payment-engine/internal/provider/mojaloop_signer_retry.go:102.3,102.70 1 8
github.com/munisp/UmojaFlowOS/services/payment-engine/internal/provider/mojaloop_signer_retry.go:102.70,103.70 1 2
github.com/munisp/UmojaFlowOS/services/payment-engine/internal/provider/mojaloop_signer_retry.go:103.70,105.5 1 1
github.com/munisp/UmojaFlowOS/services/payment-engine/internal/provider/mojaloop_signer_retry.go:105.10,107.5 1 1
github.com/munisp/UmojaFlowOS/services/payment-engine/internal/provider/mojaloop_signer_retry.go:108.4,108.18 1 2
github.com/munisp/UmojaFlowOS/services/payment-engine/internal/provider/mojaloop_signer_retry.go:110.3,111.76 2 6
github.com/munisp/UmojaFlowOS/services/payment-engine/internal/provider/mojaloop_signer_retry.go:111.76,113.4 1 1
github.com/munisp/UmojaFlowOS/services/payment-engine/internal/provider/mojaloop_signer_retry.go:115.2,115.68 1 0
github.com/munisp/UmojaFlowOS/services/payment-engine/internal/provider/mojaloop_signer_retry.go:118.45,119.52 1 10
github.com/munisp/UmojaFlowOS/services/payment-engine/internal/provider/mojaloop_signer_retry.go:119.52,121.3 1 0
github.com/munisp/UmojaFlowOS/services/payment-engine/internal/provider/mojaloop_signer_retry.go:122.2,122.46 1 10
github.com/munisp/UmojaFlowOS/services/payment-engine/internal/provider/mojaloop_signer_retry.go:122.46,124.3 1 0
github.com/munisp/UmojaFlowOS/services/payment-engine/internal/provider/mojaloop_signer_retry.go:125.2,126.94 2 10
github.com/munisp/UmojaFlowOS/services/payment-engine/internal/provider/mojaloop_signer_retry.go:129.70,131.58 2 6
github.com/munisp/UmojaFlowOS/services/payment-engine/internal/provider/mojaloop_signer_retry.go:131.58,132.32 1 1
github.com/munisp/UmojaFlowOS/services/payment-engine/internal/provider/mojaloop_signer_retry.go:132.32,134.4 1 0
github.com/munisp/UmojaFlowOS/services/payment-engine/internal/provider/mojaloop_signer_retry.go:135.3,135.13 1 1
github.com/munisp/UmojaFlowOS/services/payment-engine/internal/provider/mojaloop_signer_retry.go:137.2,137.29 1 6
github.com/munisp/UmojaFlowOS/services/payment-engine/internal/provider/mojaloop_signer_retry.go:137.29,139.3 1 0
github.com/munisp/UmojaFlowOS/services/payment-engine/internal/provider/mojaloop_signer_retry.go:140.2,140.14 1 6
github.com/munisp/UmojaFlowOS/services/payment-engine/internal/provider/mojaloop_signer_retry.go:143.71,146.9 3 1
github.com/munisp/UmojaFlowOS/services/payment-engine/internal/provider/mojaloop_signer_retry.go:147.17,148.13 1 0
github.com/munisp/UmojaFlowOS/services/payment-engine/internal/provider/mojaloop_signer_retry.go:149.20,150.19 1 1
github.com/munisp/UmojaFlowOS/services/payment-engine/internal/provider/mojaloop_signer_runtime.go:23.91,24.19 1 0
github.com/munisp/UmojaFlowOS/services/payment-engine/internal/provider/mojaloop_signer_runtime.go:24.19,26.3 1 0
github.com/munisp/UmojaFlowOS/services/payment-engine/internal/provider/mojaloop_signer_runtime.go:27.2,32.148 2 0
github.com/munisp/UmojaFlowOS/services/payment-engine/internal/provider/mojaloop_signer_runtime.go:32.148,34.3 1 0
github.com/munisp/UmojaFlowOS/services/payment-engine/internal/provider/mojaloop_signer_runtime.go:35.2,36.88 2 0
github.com/munisp/UmojaFlowOS/services/payment-engine/internal/provider/mojaloop_signer_runtime.go:36.88,38.93 2 0
github.com/munisp/UmojaFlowOS/services/payment-engine/internal/provider/mojaloop_signer_runtime.go:38.93,40.4 1 0
github.com/munisp/UmojaFlowOS/services/payment-engine/internal/provider/mojaloop_signer_runtime.go:42.2,42.91 1 0
github.com/munisp/UmojaFlowOS/services/payment-engine/internal/provider/mojaloop_signer_runtime.go:42.91,44.95 2 0
github.com/munisp/UmojaFlowOS/services/payment-engine/internal/provider/mojaloop_signer_runtime.go:44.95,46.4 1 0
github.com/munisp/UmojaFlowOS/services/payment-engine/internal/provider/mojaloop_signer_runtime.go:48.2,48.87 1 0
github.com/munisp/UmojaFlowOS/services/payment-engine/internal/provider/mojaloop_signer_runtime.go:48.87,50.87 2 0
github.com/munisp/UmojaFlowOS/services/payment-engine/internal/provider/mojaloop_signer_runtime.go:50.87,52.4 1 0
github.com/munisp/UmojaFlowOS/services/payment-engine/internal/provider/mojaloop_signer_runtime.go:54.2,54.43 1 0
github.com/munisp/UmojaFlowOS/services/payment-engine/internal/provider/mojaloop_signer_runtime.go:54.43,56.3 1 0
github.com/munisp/UmojaFlowOS/services/payment-engine/internal/provider/mojaloop_signer_runtime.go:57.2,57.131 1 0
github.com/munisp/UmojaFlowOS/services/payment-engine/internal/provider/mojaloop_signer_runtime.go:57.131,59.3 1 0
github.com/munisp/UmojaFlowOS/services/payment-engine/internal/provider/mojaloop_signer_runtime.go:60.2,60.20 1 0
github.com/munisp/UmojaFlowOS/services/payment-engine/internal/provider/nigerian_bank_rail.go:55.96,57.143 2 5
github.com/munisp/UmojaFlowOS/services/payment-engine/internal/provider/nigerian_bank_rail.go:57.143,59.3 1 0
github.com/munisp/UmojaFlowOS/services/payment-engine/internal/provider/nigerian_bank_rail.go:60.2,60.132 1 5
github.com/munisp/UmojaFlowOS/services/payment-engine/internal/provider/nigerian_bank_rail.go:60.132,62.3 1 0
github.com/munisp/UmojaFlowOS/services/payment-engine/internal/provider/nigerian_bank_rail.go:63.2,63.49 1 5
github.com/munisp/UmojaFlowOS/services/payment-engine/internal/provider/nigerian_bank_rail.go:63.49,65.3 1 0
github.com/munisp/UmojaFlowOS/services/payment-engine/internal/provider/nigerian_bank_rail.go:66.2,67.19 2 5
github.com/munisp/UmojaFlowOS/services/payment-engine/internal/provider/nigerian_bank_rail.go:67.19,69.3 1 3
github.com/munisp/UmojaFlowOS/services/payment-engine/internal/provider/nigerian_bank_rail.go:70.2,70.96 1 5
github.com/munisp/UmojaFlowOS/services/payment-engine/internal/provider/nigerian_bank_rail.go:73.48,73.78 1 0
github.com/munisp/UmojaFlowOS/services/payment-engine/internal/provider/nigerian_bank_rail.go:75.84,76.80 1 7
github.com/munisp/UmojaFlowOS/services/payment-engine/internal/provider/nigerian_bank_rail.go:76.80,78.3 1 0
github.com/munisp/UmojaFlowOS/services/payment-engine/internal/provider/nigerian_bank_rail.go:79.2,80.66 2 7
github.com/munisp/UmojaFlowOS/services/payment-engine/internal/provider/nigerian_bank_rail.go:80.66,82.3 1 0
github.com/munisp/UmojaFlowOS/services/payment-engine/internal/provider/nigerian_bank_rail.go:83.2,83.79 1 7
github.com/munisp/UmojaFlowOS/services/payment-engine/internal/provider/nigerian_bank_rail.go:83.79,85.3 1 0
github.com/munisp/UmojaFlowOS/services/payment-engine/internal/provider/nigerian_bank_rail.go:86.2,86.289 1 7
github.com/munisp/UmojaFlowOS/services/payment-engine/internal/provider/nigerian_bank_rail.go:86.289,88.3 1 4
github.com/munisp/UmojaFlowOS/services/payment-engine/internal/provider/nigerian_bank_rail.go:89.2,90.22 2 3
github.com/munisp/UmojaFlowOS/services/payment-engine/internal/provider/nigerian_bank_rail.go:100.117,101.87 1 3
github.com/munisp/UmojaFlowOS/services/payment-engine/internal/provider/nigerian_bank_rail.go:101.87,103.3 1 0
github.com/munisp/UmojaFlowOS/services/payment-engine/internal/provider/nigerian_bank_rail.go:104.2,105.16 2 3
github.com/munisp/UmojaFlowOS/services/payment-engine/internal/provider/nigerian_bank_rail.go:105.16,107.3 1 0
github.com/munisp/UmojaFlowOS/services/payment-engine/internal/provider/nigerian_bank_rail.go:108.2,109.16 2 3
github.com/munisp/UmojaFlowOS/services/payment-engine/internal/provider/nigerian_bank_rail.go:109.16,111.3 1 0
github.com/munisp/UmojaFlowOS/services/payment-engine/internal/provider/nigerian_bank_rail.go:112.2,116.16 5 3
github.com/munisp/UmojaFlowOS/services/payment-engine/internal/provider/nigerian_bank_rail.go:116.16,118.3 1 0
github.com/munisp/UmojaFlowOS/services/payment-engine/internal/provider/nigerian_bank_rail.go:119.2,126.16 8 3
github.com/munisp/UmojaFlowOS/services/payment-engine/internal/provider/nigerian_bank_rail.go:126.16,128.3 1 1
github.com/munisp/UmojaFlowOS/services/payment-engine/internal/provider/nigerian_bank_rail.go:129.2,130.61 2 2
github.com/munisp/UmojaFlowOS/services/payment-engine/internal/provider/nigerian_bank_rail.go:130.61,133.3 2 0
github.com/munisp/UmojaFlowOS/services/payment-engine/internal/provider/nigerian_bank_rail.go:134.2,135.98 2 2
github.com/munisp/UmojaFlowOS/services/payment-engine/internal/provider/nigerian_bank_rail.go:135.98,137.3 1 0
github.com/munisp/UmojaFlowOS/services/payment-engine/internal/provider/nigerian_bank_rail.go:138.2,138.77 1 2
github.com/munisp/UmojaFlowOS/services/payment-engine/internal/provider/nigerian_bank_rail.go:138.77,140.3 1 0
github.com/munisp/UmojaFlowOS/services/payment-engine/internal/provider/nigerian_bank_rail.go:141.2,141.87 1 2
github.com/munisp/UmojaFlowOS/services/payment-engine/internal/provider/nigerian_bank_rail.go:141.87,143.3 1 0
github.com/munisp/UmojaFlowOS/services/payment-engine/internal/provider/nigerian_bank_rail.go:144.2,144.50 1 2
github.com/munisp/UmojaFlowOS/services/payment-engine/internal/provider/nigerian_bank_rail.go:147.116,148.101 1 2
github.com/munisp/UmojaFlowOS/services/payment-engine/internal/provider/nigerian_bank_rail.go:148.101,150.3 1 0
github.com/munisp/UmojaFlowOS/services/payment-engine/internal/provider/nigerian_bank_rail.go:151.2,155.16 5 2
github.com/munisp/UmojaFlowOS/services/payment-engine/internal/provider/nigerian_bank_rail.go:155.16,157.3 1 0
github.com/munisp/UmojaFlowOS/services/payment-engine/internal/provider/nigerian_bank_rail.go:158.2,161.16 4 2
github.com/munisp/UmojaFlowOS/services/payment-engine/internal/provider/nigerian_bank_rail.go:161.16,163.3 1 1
github.com/munisp/UmojaFlowOS/services/payment-engine/internal/provider/nigerian_bank_rail.go:164.2,165.42 2 1
github.com/munisp/UmojaFlowOS/services/payment-engine/internal/provider/nigerian_bank_rail.go:165.42,168.3 2 0
github.com/munisp/UmojaFlowOS/services/payment-engine/internal/provider/nigerian_bank_rail.go:169.2,170.98 2 1
github.com/munisp/UmojaFlowOS/services/payment-engine/internal/provider/nigerian_bank_rail.go:170.98,172.3 1 0
github.com/munisp/UmojaFlowOS/services/payment-engine/internal/provider/nigerian_bank_rail.go:173.2,173.77 1 1
github.com/munisp/UmojaFlowOS/services/payment-engine/internal/provider/nigerian_bank_rail.go:173.77,175.3 1 0
github.com/munisp/UmojaFlowOS/services/payment-engine/internal/provider/nigerian_bank_rail.go:176.2,176.50 1 1
github.com/munisp/UmojaFlowOS/services/payment-engine/internal/provider/nigerian_bank_rail.go:179.84,182.23 3 3
github.com/munisp/UmojaFlowOS/services/payment-engine/internal/provider/nigerian_bank_rail.go:182.23,184.3 1 3
github.com/munisp/UmojaFlowOS/services/payment-engine/internal/provider/nigerian_bank_rail.go:185.2,185.16 1 3
github.com/munisp/UmojaFlowOS/services/payment-engine/internal/provider/nigerian_bank_rail.go:186.79,187.144 1 1
github.com/munisp/UmojaFlowOS/services/payment-engine/internal/provider/nigerian_bank_rail.go:188.67,189.152 1 1
github.com/munisp/UmojaFlowOS/services/payment-engine/internal/provider/nigerian_bank_rail.go:190.10,191.139 1 1
github.com/munisp/UmojaFlowOS/services/payment-engine/internal/provider/nigerian_bank_runtime.go:47.96,49.17 2 10
github.com/munisp/UmojaFlowOS/services/payment-engine/internal/provider/nigerian_bank_runtime.go:49.17,51.3 1 5
github.com/munisp/UmojaFlowOS/services/payment-engine/internal/provider/nigerian_bank_runtime.go:52.2,53.16 2 5
github.com/munisp/UmojaFlowOS/services/payment-engine/internal/provider/nigerian_bank_runtime.go:53.16,55.3 1 0
github.com/munisp/UmojaFlowOS/services/payment-engine/internal/provider/nigerian_bank_runtime.go:56.2,56.20 1 5
github.com/munisp/UmojaFlowOS/services/payment-engine/internal/provider/nigerian_bank_runtime.go:59.82,62.31 3 3
github.com/munisp/UmojaFlowOS/services/payment-engine/internal/provider/nigerian_bank_runtime.go:62.31,64.3 1 0
github.com/munisp/UmojaFlowOS/services/payment-engine/internal/provider/nigerian_bank_runtime.go:65.2,65.16 1 3
github.com/munisp/UmojaFlowOS/services/payment-engine/internal/provider/nigerian_bank_runtime.go:65.16,67.3 1 2
github.com/munisp/UmojaFlowOS/services/payment-engine/internal/provider/nigerian_bank_runtime.go:68.2,69.20 2 1
github.com/munisp/UmojaFlowOS/services/payment-engine/internal/provider/nigerian_bank_runtime.go:69.20,71.3 1 0
github.com/munisp/UmojaFlowOS/services/payment-engine/internal/provider/nigerian_bank_runtime.go:75.2,76.17 2 1
github.com/munisp/UmojaFlowOS/services/payment-engine/internal/provider/nigerian_bank_runtime.go:76.17,78.3 1 0
github.com/munisp/UmojaFlowOS/services/payment-engine/internal/provider/nigerian_bank_runtime.go:79.2,79.25 1 1
github.com/munisp/UmojaFlowOS/services/payment-engine/internal/provider/nigerian_bank_runtime.go:84.113,85.19 1 5
github.com/munisp/UmojaFlowOS/services/payment-engine/internal/provider/nigerian_bank_runtime.go:85.19,87.3 1 0
github.com/munisp/UmojaFlowOS/services/payment-engine/internal/provider/nigerian_bank_runtime.go:88.2,89.16 2 5
github.com/munisp/UmojaFlowOS/services/payment-engine/internal/provider/nigerian_bank_runtime.go:89.16,91.3 1 0
github.com/munisp/UmojaFlowOS/services/payment-engine/internal/provider/nigerian_bank_runtime.go:92.2,93.16 2 5
github.com/munisp/UmojaFlowOS/services/payment-engine/internal/provider/nigerian_bank_runtime.go:93.16,95.3 1 0
github.com/munisp/UmojaFlowOS/services/payment-engine/internal/provider/nigerian_bank_runtime.go:96.2,97.34 2 5
github.com/munisp/UmojaFlowOS/services/payment-engine/internal/provider/nigerian_bank_runtime.go:97.34,99.3 1 1
github.com/munisp/UmojaFlowOS/services/payment-engine/internal/provider/nigerian_bank_runtime.go:100.2,100.14 1 4
github.com/munisp/UmojaFlowOS/services/payment-engine/internal/provider/nigerian_bank_runtime.go:100.14,102.3 1 1
github.com/munisp/UmojaFlowOS/services/payment-engine/internal/provider/nigerian_bank_runtime.go:103.2,105.73 3 3
github.com/munisp/UmojaFlowOS/services/payment-engine/internal/provider/nigerian_bank_runtime.go:105.73,107.17 2 1
github.com/munisp/UmojaFlowOS/services/payment-engine/internal/provider/nigerian_bank_runtime.go:107.17,109.4 1 0
github.com/munisp/UmojaFlowOS/services/payment-engine/internal/provider/nigerian_bank_runtime.go:111.2,111.78 1 3
github.com/munisp/UmojaFlowOS/services/payment-engine/internal/provider/nigerian_bank_runtime.go:111.78,113.17 2 1
github.com/munisp/UmojaFlowOS/services/payment-engine/internal/provider/nigerian_bank_runtime.go:113.17,115.4 1 0
github.com/munisp/UmojaFlowOS/services/payment-engine/internal/provider/nigerian_bank_runtime.go:117.2,118.16 2 3
github.com/munisp/UmojaFlowOS/services/payment-engine/internal/provider/nigerian_bank_runtime.go:118.16,120.3 1 0
github.com/munisp/UmojaFlowOS/services/payment-engine/internal/provider/nigerian_bank_runtime.go:121.2,121.59 1 3
github.com/munisp/UmojaFlowOS/services/payment-engine/internal/provider/nigerian_bank_runtime.go:121.59,123.3 1 2
github.com/munisp/UmojaFlowOS/services/payment-engine/internal/provider/nigerian_bank_runtime.go:124.2,124.20 1 1
github.com/munisp/UmojaFlowOS/services/payment-engine/internal/provider/nigerian_bank_runtime.go:127.77,128.21 1 6
github.com/munisp/UmojaFlowOS/services/payment-engine/internal/provider/nigerian_bank_runtime.go:128.21,129.30 1 0
github.com/munisp/UmojaFlowOS/services/payment-engine/internal/provider/nigerian_bank_runtime.go:129.30,131.4 1 0
github.com/munisp/UmojaFlowOS/services/payment-engine/internal/provider/nigerian_bank_runtime.go:132.3,132.13 1 0
github.com/munisp/UmojaFlowOS/services/payment-engine/internal/provider/nigerian_bank_runtime.go:134.2,134.45 1 6
github.com/munisp/UmojaFlowOS/services/payment-engine/internal/provider/nigerian_bank_runtime.go:134.45,136.3 1 1
github.com/munisp/UmojaFlowOS/services/payment-engine/internal/provider/nigerian_bank_runtime.go:137.2,137.49 1 5
github.com/munisp/UmojaFlowOS/services/payment-engine/internal/provider/nigerian_bank_runtime.go:137.49,139.3 1 1
github.com/munisp/UmojaFlowOS/services/payment-engine/internal/provider/nigerian_bank_runtime.go:140.2,140.68 1 4
github.com/munisp/UmojaFlowOS/services/payment-engine/internal/provider/nigerian_bank_runtime.go:140.68,142.3 1 1
github.com/munisp/UmojaFlowOS/services/payment-engine/internal/provider/nigerian_bank_runtime.go:143.2,143.78 1 3
github.com/munisp/UmojaFlowOS/services/payment-engine/internal/provider/nigerian_bank_runtime.go:143.78,145.3 1 1
github.com/munisp/UmojaFlowOS/services/payment-engine/internal/provider/nigerian_bank_runtime.go:146.2,146.27 1 2
github.com/munisp/UmojaFlowOS/services/payment-engine/internal/provider/nigerian_bank_runtime.go:146.27,147.53 1 0
github.com/munisp/UmojaFlowOS/services/payment-engine/internal/provider/nigerian_bank_runtime.go:147.53,149.4 1 0
github.com/munisp/UmojaFlowOS/services/payment-engine/internal/provider/nigerian_bank_runtime.go:151.2,151.26 1 2
github.com/munisp/UmojaFlowOS/services/payment-engine/internal/provider/nigerian_bank_runtime.go:151.26,153.3 1 0
github.com/munisp/UmojaFlowOS/services/payment-engine/internal/provider/nigerian_bank_runtime.go:154.2,155.138 2 2
github.com/munisp/UmojaFlowOS/services/payment-engine/internal/provider/nigerian_bank_runtime.go:155.138,157.3 1 0
github.com/munisp/UmojaFlowOS/services/payment-engine/internal/provider/nigerian_bank_runtime.go:158.2,158.51 1 2
github.com/munisp/UmojaFlowOS/services/payment-engine/internal/provider/nigerian_bank_runtime.go:158.51,160.3 1 1
github.com/munisp/UmojaFlowOS/services/payment-engine/internal/provider/nigerian_bank_runtime.go:161.2,161.97 1 1
github.com/munisp/UmojaFlowOS/services/payment-engine/internal/provider/nigerian_bank_runtime.go:161.97,163.3 1 0
github.com/munisp/UmojaFlowOS/services/payment-engine/internal/provider/nigerian_bank_runtime.go:164.2,164.12 1 1
github.com/munisp/UmojaFlowOS/services/payment-engine/internal/provider/paystack.go:33.115,35.2 1 0
github.com/munisp/UmojaFlowOS/services/payment-engine/internal/provider/paystack.go:50.72,52.143 2 3
github.com/munisp/UmojaFlowOS/services/payment-engine/internal/provider/paystack.go:52.143,54.3 1 0
github.com/munisp/UmojaFlowOS/services/payment-engine/internal/provider/paystack.go:55.2,55.132 1 3
github.com/munisp/UmojaFlowOS/services/payment-engine/internal/provider/paystack.go:55.132,57.3 1 1
github.com/munisp/UmojaFlowOS/services/payment-engine/internal/provider/paystack.go:58.2,58.47 1 2
github.com/munisp/UmojaFlowOS/services/payment-engine/internal/provider/paystack.go:58.47,60.3 1 0
github.com/munisp/UmojaFlowOS/services/payment-engine/internal/provider/paystack.go:61.2,62.19 2 2
github.com/munisp/UmojaFlowOS/services/payment-engine/internal/provider/paystack.go:62.19,64.3 1 2
github.com/munisp/UmojaFlowOS/services/payment-engine/internal/provider/paystack.go:65.2,65.90 1 2
github.com/munisp/UmojaFlowOS/services/payment-engine/internal/provider/paystack.go:82.124,83.74 1 2
github.com/munisp/UmojaFlowOS/services/payment-engine/internal/provider/paystack.go:83.74,85.3 1 0
github.com/munisp/UmojaFlowOS/services/payment-engine/internal/provider/paystack.go:86.2,86.54 1 2
github.com/munisp/UmojaFlowOS/services/payment-engine/internal/provider/paystack.go:86.54,88.3 1 1
github.com/munisp/UmojaFlowOS/services/payment-engine/internal/provider/paystack.go:89.2,93.16 5 1
github.com/munisp/UmojaFlowOS/services/payment-engine/internal/provider/paystack.go:93.16,95.3 1 0
github.com/munisp/UmojaFlowOS/services/payment-engine/internal/provider/paystack.go:96.2,99.16 4 1
github.com/munisp/UmojaFlowOS/services/payment-engine/internal/provider/paystack.go:99.16,101.3 1 0
github.com/munisp/UmojaFlowOS/services/payment-engine/internal/provider/paystack.go:102.2,103.42 2 1
github.com/munisp/UmojaFlowOS/services/payment-engine/internal/provider/paystack.go:103.42,106.3 2 0
github.com/munisp/UmojaFlowOS/services/payment-engine/internal/provider/paystack.go:107.2,110.49 4 1
github.com/munisp/UmojaFlowOS/services/payment-engine/internal/provider/paystack.go:110.49,112.3 1 0
github.com/munisp/UmojaFlowOS/services/payment-engine/internal/provider/paystack.go:113.2,114.250 2 1
github.com/munisp/UmojaFlowOS/services/payment-engine/internal/provider/paystack.go:114.250,116.3 1 0
github.com/munisp/UmojaFlowOS/services/payment-engine/internal/provider/paystack.go:117.2,117.171 1 1
github.com/munisp/UmojaFlowOS/services/payment-engine/internal/provider/paystack.go:128.95,129.96 1 2
github.com/munisp/UmojaFlowOS/services/payment-engine/internal/provider/paystack.go:129.96,131.3 1 0
github.com/munisp/UmojaFlowOS/services/payment-engine/internal/provider/paystack.go:132.2,133.16 2 2
github.com/munisp/UmojaFlowOS/services/payment-engine/internal/provider/paystack.go:133.16,135.3 1 1
github.com/munisp/UmojaFlowOS/services/payment-engine/internal/provider/paystack.go:136.2,138.41 3 1
github.com/munisp/UmojaFlowOS/services/payment-engine/internal/provider/paystack.go:138.41,140.3 1 0
github.com/munisp/UmojaFlowOS/services/payment-engine/internal/provider/paystack.go:141.2,148.55 2 1
github.com/munisp/UmojaFlowOS/services/payment-engine/internal/provider/paystack.go:148.55,150.3 1 0
github.com/munisp/UmojaFlowOS/services/payment-engine/internal/provider/paystack.go:151.2,151.157 1 1
github.com/munisp/UmojaFlowOS/services/payment-engine/internal/provider/paystack.go:151.157,153.3 1 0
github.com/munisp/UmojaFlowOS/services/payment-engine/internal/provider/paystack.go:154.2,154.115 1 1
github.com/munisp/UmojaFlowOS/services/payment-engine/internal/provider/stablecoin_multirail.go:55.127,56.35 1 7
github.com/munisp/UmojaFlowOS/services/payment-engine/internal/provider/stablecoin_multirail.go:56.35,58.3 1 0
github.com/munisp/UmojaFlowOS/services/payment-engine/internal/provider/stablecoin_multirail.go:59.2,59.69 1 7
github.com/munisp/UmojaFlowOS/services/payment-engine/internal/provider/stablecoin_multirail.go:59.69,61.3 1 0
github.com/munisp/UmojaFlowOS/services/payment-engine/internal/provider/stablecoin_multirail.go:62.2,62.19 1 7
github.com/munisp/UmojaFlowOS/services/payment-engine/internal/provider/stablecoin_multirail.go:62.19,64.3 1 0
github.com/munisp/UmojaFlowOS/services/payment-engine/internal/provider/stablecoin_multirail.go:65.2,65.79 1 7
github.com/munisp/UmojaFlowOS/services/payment-engine/internal/provider/stablecoin_multirail.go:68.40,68.57 1 0
github.com/munisp/UmojaFlowOS/services/payment-engine/internal/provider/stablecoin_multirail.go:70.112,71.82 1 7
github.com/munisp/UmojaFlowOS/services/payment-engine/internal/provider/stablecoin_multirail.go:71.82,73.3 1 0
github.com/munisp/UmojaFlowOS/services/payment-engine/internal/provider/stablecoin_multirail.go:74.2,74.25 1 7
[...]
github.com/munisp/UmojaFlowOS/services/payment-engine/internal/provider/yellowcard_webhook.go:167.72,168.16 1 7
github.com/munisp/UmojaFlowOS/services/payment-engine/internal/provider/yellowcard_webhook.go:168.16,170.3 1 0
github.com/munisp/UmojaFlowOS/services/payment-engine/internal/provider/yellowcard_webhook.go:171.2,171.76 1 7
github.com/munisp/UmojaFlowOS/services/payment-engine/internal/provider/yellowcard_webhook.go:174.103,175.58 1 4
github.com/munisp/UmojaFlowOS/services/payment-engine/internal/provider/yellowcard_webhook.go:175.58,177.3 1 0
github.com/munisp/UmojaFlowOS/services/payment-engine/internal/provider/yellowcard_webhook.go:178.2,181.45 4 4
github.com/munisp/UmojaFlowOS/services/payment-engine/internal/provider/yellowcard_webhook.go:181.45,182.25 1 1
github.com/munisp/UmojaFlowOS/services/payment-engine/internal/provider/yellowcard_webhook.go:182.25,184.4 1 0
github.com/munisp/UmojaFlowOS/services/payment-engine/internal/provider/yellowcard_webhook.go:186.2,186.67 1 4
github.com/munisp/UmojaFlowOS/services/payment-engine/internal/provider/yellowcard_webhook.go:186.67,188.3 1 1
github.com/munisp/UmojaFlowOS/services/payment-engine/internal/provider/yellowcard_webhook.go:189.2,190.18 2 3
github.com/munisp/UmojaFlowOS/services/payment-engine/internal/provider/yellowcard_webhook.go:204.102,205.118 1 5
github.com/munisp/UmojaFlowOS/services/payment-engine/internal/provider/yellowcard_webhook.go:205.118,207.3 1 1
github.com/munisp/UmojaFlowOS/services/payment-engine/internal/provider/yellowcard_webhook.go:208.2,208.59 1 4
github.com/munisp/UmojaFlowOS/services/payment-engine/internal/provider/yellowcard_webhook.go:208.59,210.3 1 0
github.com/munisp/UmojaFlowOS/services/payment-engine/internal/provider/yellowcard_webhook.go:211.2,212.18 2 4
github.com/munisp/UmojaFlowOS/services/payment-engine/internal/provider/yellowcard_webhook.go:212.18,214.3 1 0
github.com/munisp/UmojaFlowOS/services/payment-engine/internal/provider/yellowcard_webhook.go:215.2,217.16 3 4
github.com/munisp/UmojaFlowOS/services/payment-engine/internal/provider/yellowcard_webhook.go:217.16,219.3 1 0
github.com/munisp/UmojaFlowOS/services/payment-engine/internal/provider/yellowcard_webhook.go:220.2,222.83 3 4
github.com/munisp/UmojaFlowOS/services/payment-engine/internal/provider/yellowcard_webhook.go:222.83,224.3 1 0
github.com/munisp/UmojaFlowOS/services/payment-engine/internal/provider/yellowcard_webhook.go:225.2,225.57 1 4
github.com/munisp/UmojaFlowOS/services/payment-engine/internal/provider/yellowcard_webhook.go:225.57,227.3 1 0
github.com/munisp/UmojaFlowOS/services/payment-engine/internal/provider/yellowcard_webhook.go:228.2,229.25 2 4
github.com/munisp/UmojaFlowOS/services/payment-engine/internal/provider/yellowcard_webhook.go:229.25,230.75 1 2
github.com/munisp/UmojaFlowOS/services/payment-engine/internal/provider/yellowcard_webhook.go:230.75,232.4 1 0
github.com/munisp/UmojaFlowOS/services/payment-engine/internal/provider/yellowcard_webhook.go:233.3,233.66 1 2
github.com/munisp/UmojaFlowOS/services/payment-engine/internal/provider/yellowcard_webhook.go:233.66,234.18 1 1
github.com/munisp/UmojaFlowOS/services/payment-engine/internal/provider/yellowcard_webhook.go:234.18,236.5 1 1
github.com/munisp/UmojaFlowOS/services/payment-engine/internal/provider/yellowcard_webhook.go:237.4,237.66 1 0
github.com/munisp/UmojaFlowOS/services/payment-engine/internal/provider/yellowcard_webhook.go:240.2,241.17 2 3
github.com/munisp/UmojaFlowOS/services/payment-engine/internal/provider/yellowcard_webhook.go:241.17,243.3 1 0
github.com/munisp/UmojaFlowOS/services/payment-engine/internal/provider/yellowcard_webhook.go:244.2,244.119 1 3
github.com/munisp/UmojaFlowOS/services/payment-engine/internal/provider/yellowcard_webhook.go:244.119,246.3 1 0
github.com/munisp/UmojaFlowOS/services/payment-engine/internal/provider/yellowcard_webhook.go:247.2,248.16 2 3
github.com/munisp/UmojaFlowOS/services/payment-engine/internal/provider/yellowcard_webhook.go:248.16,250.3 1 1
github.com/munisp/UmojaFlowOS/services/payment-engine/internal/provider/yellowcard_webhook.go:251.2,251.15 1 2
github.com/munisp/UmojaFlowOS/services/payment-engine/internal/provider/yellowcard_webhook.go:252.12,253.19 1 1
github.com/munisp/UmojaFlowOS/services/payment-engine/internal/provider/yellowcard_webhook.go:254.10,255.20 1 1
github.com/munisp/UmojaFlowOS/services/payment-engine/internal/provider/yellowcard_webhook.go:256.10,257.63 1 0
github.com/munisp/UmojaFlowOS/services/payment-engine/internal/provider/yellowcard_webhook.go:261.57,262.70 1 5
github.com/munisp/UmojaFlowOS/services/payment-engine/internal/provider/yellowcard_webhook.go:262.70,264.3 1 0
github.com/munisp/UmojaFlowOS/services/payment-engine/internal/provider/yellowcard_webhook.go:265.2,265.29 1 5
github.com/munisp/UmojaFlowOS/services/payment-engine/internal/provider/yellowcard_webhook.go:265.29,266.82 1 22
github.com/munisp/UmojaFlowOS/services/payment-engine/internal/provider/yellowcard_webhook.go:266.82,268.4 1 0
github.com/munisp/UmojaFlowOS/services/payment-engine/internal/provider/yellowcard_webhook.go:270.2,270.12 1 5
github.com/munisp/UmojaFlowOS/services/payment-engine/internal/provider/yellowcard_webhook.go:273.53,275.16 2 5
github.com/munisp/UmojaFlowOS/services/payment-engine/internal/provider/yellowcard_webhook.go:275.16,277.3 1 0
github.com/munisp/UmojaFlowOS/services/payment-engine/internal/provider/yellowcard_webhook.go:278.2,279.16 2 5
github.com/munisp/UmojaFlowOS/services/payment-engine/internal/provider/yellowcard_webhook.go:279.16,281.3 1 0
github.com/munisp/UmojaFlowOS/services/payment-engine/internal/provider/yellowcard_webhook.go:282.2,283.16 2 5
github.com/munisp/UmojaFlowOS/services/payment-engine/internal/provider/yellowcard_webhook.go:284.11,285.19 1 2
github.com/munisp/UmojaFlowOS/services/payment-engine/internal/provider/yellowcard_webhook.go:286.11,287.58 1 1
github.com/munisp/UmojaFlowOS/services/payment-engine/internal/provider/yellowcard_webhook.go:288.11,290.17 2 1
github.com/munisp/UmojaFlowOS/services/payment-engine/internal/provider/yellowcard_webhook.go:290.17,292.4 1 0
github.com/munisp/UmojaFlowOS/services/payment-engine/internal/provider/yellowcard_webhook.go:293.3,293.19 1 1
github.com/munisp/UmojaFlowOS/services/payment-engine/internal/provider/yellowcard_webhook.go:293.19,295.4 1 1
github.com/munisp/UmojaFlowOS/services/payment-engine/internal/provider/yellowcard_webhook.go:296.3,296.34 1 0
github.com/munisp/UmojaFlowOS/services/payment-engine/internal/provider/yellowcard_webhook.go:296.34,298.4 1 0
github.com/munisp/UmojaFlowOS/services/payment-engine/internal/provider/yellowcard_webhook.go:299.3,300.55 2 0
github.com/munisp/UmojaFlowOS/services/payment-engine/internal/provider/yellowcard_webhook.go:300.55,302.4 1 0
github.com/munisp/UmojaFlowOS/services/payment-engine/internal/provider/yellowcard_webhook.go:303.3,303.37 1 0
github.com/munisp/UmojaFlowOS/services/payment-engine/internal/provider/yellowcard_webhook.go:304.10,305.65 1 1
github.com/munisp/UmojaFlowOS/services/payment-engine/internal/provider/yellowcard_webhook.go:340.56,343.2 2 4
github.com/munisp/UmojaFlowOS/services/payment-engine/internal/provider/yellowcard_webhook.go:345.82,346.40 1 5
github.com/munisp/UmojaFlowOS/services/payment-engine/internal/provider/yellowcard_webhook.go:346.40,348.3 1 1
github.com/munisp/UmojaFlowOS/services/payment-engine/internal/provider/yellowcard_webhook.go:349.2,349.54 1 4
github.com/munisp/UmojaFlowOS/services/payment-engine/internal/provider/yellowcard_webhook.go:349.54,351.3 1 0
github.com/munisp/UmojaFlowOS/services/payment-engine/internal/provider/yellowcard_webhook.go:352.2,353.16 2 4
github.com/munisp/UmojaFlowOS/services/payment-engine/internal/provider/yellowcard_webhook.go:353.16,355.3 1 0
github.com/munisp/UmojaFlowOS/services/payment-engine/internal/provider/yellowcard_webhook.go:356.2,358.16 3 4
github.com/munisp/UmojaFlowOS/services/payment-engine/internal/provider/yellowcard_webhook.go:358.16,362.59 4 2
github.com/munisp/UmojaFlowOS/services/payment-engine/internal/provider/yellowcard_webhook.go:362.59,365.4 2 0
github.com/munisp/UmojaFlowOS/services/payment-engine/internal/provider/yellowcard_webhook.go:366.3,366.19 1 2
github.com/munisp/UmojaFlowOS/services/payment-engine/internal/provider/yellowcard_webhook.go:368.2,368.34 1 2
github.com/munisp/UmojaFlowOS/services/payment-engine/internal/provider/yellowcard_webhook.go:368.34,370.3 1 0
github.com/munisp/UmojaFlowOS/services/payment-engine/internal/provider/yellowcard_webhook.go:371.2,372.20 2 2
github.com/munisp/UmojaFlowOS/services/payment-engine/internal/provider/yellowcard_webhook.go:372.20,374.3 1 0
github.com/munisp/UmojaFlowOS/services/payment-engine/internal/provider/yellowcard_webhook.go:375.2,376.174 2 2
github.com/munisp/UmojaFlowOS/services/payment-engine/internal/provider/yellowcard_webhook.go:376.174,378.3 1 1
github.com/munisp/UmojaFlowOS/services/payment-engine/internal/provider/yellowcard_webhook.go:379.2,379.19 1 1
github.com/munisp/UmojaFlowOS/services/payment-engine/internal/provider/yellowcard_webhook.go:382.94,384.2 1 4
github.com/munisp/UmojaFlowOS/services/payment-engine/internal/provider/yellowcard_webhook.go:386.101,388.2 1 1
github.com/munisp/UmojaFlowOS/services/payment-engine/internal/provider/yellowcard_webhook.go:401.106,403.39 2 8
github.com/munisp/UmojaFlowOS/services/payment-engine/internal/provider/yellowcard_webhook.go:403.39,407.3 3 0
github.com/munisp/UmojaFlowOS/services/payment-engine/internal/provider/yellowcard_webhook.go:408.2,408.158 1 8
github.com/munisp/UmojaFlowOS/services/payment-engine/internal/provider/yellowcard_webhook.go:408.158,411.3 2 0
github.com/munisp/UmojaFlowOS/services/payment-engine/internal/provider/yellowcard_webhook.go:412.2,413.73 2 8
github.com/munisp/UmojaFlowOS/services/payment-engine/internal/provider/yellowcard_webhook.go:413.73,416.3 2 1
github.com/munisp/UmojaFlowOS/services/payment-engine/internal/provider/yellowcard_webhook.go:417.2,419.16 3 7
github.com/munisp/UmojaFlowOS/services/payment-engine/internal/provider/yellowcard_webhook.go:419.16,421.32 2 1
github.com/munisp/UmojaFlowOS/services/payment-engine/internal/provider/yellowcard_webhook.go:421.32,424.4 2 1
github.com/munisp/UmojaFlowOS/services/payment-engine/internal/provider/yellowcard_webhook.go:425.3,426.9 2 0
github.com/munisp/UmojaFlowOS/services/payment-engine/internal/provider/yellowcard_webhook.go:428.2,428.20 1 6
github.com/munisp/UmojaFlowOS/services/payment-engine/internal/provider/yellowcard_webhook.go:428.20,431.3 2 0
github.com/munisp/UmojaFlowOS/services/payment-engine/internal/provider/yellowcard_webhook.go:432.2,433.16 2 6
github.com/munisp/UmojaFlowOS/services/payment-engine/internal/provider/yellowcard_webhook.go:433.16,436.3 2 0
github.com/munisp/UmojaFlowOS/services/payment-engine/internal/provider/yellowcard_webhook.go:437.2,438.25 2 6
github.com/munisp/UmojaFlowOS/services/payment-engine/internal/provider/yellowcard_webhook.go:438.25,440.3 1 6
github.com/munisp/UmojaFlowOS/services/payment-engine/internal/provider/yellowcard_webhook.go:441.2,442.71 2 6
github.com/munisp/UmojaFlowOS/services/payment-engine/internal/provider/yellowcard_webhook.go:442.71,445.3 2 1
github.com/munisp/UmojaFlowOS/services/payment-engine/internal/provider/yellowcard_webhook.go:446.2,447.16 2 5
github.com/munisp/UmojaFlowOS/services/payment-engine/internal/provider/yellowcard_webhook.go:447.16,450.3 2 0
github.com/munisp/UmojaFlowOS/services/payment-engine/internal/provider/yellowcard_webhook.go:451.2,452.16 2 5
github.com/munisp/UmojaFlowOS/services/payment-engine/internal/provider/yellowcard_webhook.go:452.16,455.3 2 1
github.com/munisp/UmojaFlowOS/services/payment-engine/internal/provider/yellowcard_webhook.go:456.2,457.16 2 4
github.com/munisp/UmojaFlowOS/services/payment-engine/internal/provider/yellowcard_webhook.go:457.16,460.3 2 0
github.com/munisp/UmojaFlowOS/services/payment-engine/internal/provider/yellowcard_webhook.go:461.2,477.16 4 4
github.com/munisp/UmojaFlowOS/services/payment-engine/internal/provider/yellowcard_webhook.go:477.16,478.49 1 0
github.com/munisp/UmojaFlowOS/services/payment-engine/internal/provider/yellowcard_webhook.go:478.49,481.4 2 0
github.com/munisp/UmojaFlowOS/services/payment-engine/internal/provider/yellowcard_webhook.go:482.3,483.9 2 0
github.com/munisp/UmojaFlowOS/services/payment-engine/internal/provider/yellowcard_webhook.go:485.2,485.79 1 4
github.com/munisp/UmojaFlowOS/services/payment-engine/internal/provider/yellowcard_webhook.go:485.79,488.3 2 0
github.com/munisp/UmojaFlowOS/services/payment-engine/internal/provider/yellowcard_webhook.go:489.2,491.16 3 4
github.com/munisp/UmojaFlowOS/services/payment-engine/internal/provider/yellowcard_webhook.go:491.16,494.3 2 0
github.com/munisp/UmojaFlowOS/services/payment-engine/internal/provider/yellowcard_webhook.go:495.2,495.35 1 4
github.com/munisp/UmojaFlowOS/services/payment-engine/internal/provider/yellowcard_webhook.go:495.35,498.3 2 1
github.com/munisp/UmojaFlowOS/services/payment-engine/internal/provider/yellowcard_webhook.go:499.2,499.15 1 3
github.com/munisp/UmojaFlowOS/services/payment-engine/internal/provider/yellowcard_webhook.go:499.15,502.3 2 0
github.com/munisp/UmojaFlowOS/services/payment-engine/internal/provider/yellowcard_webhook.go:503.2,505.99 3 3
github.com/munisp/UmojaFlowOS/services/payment-engine/internal/provider/yellowcard_webhook.go:508.102,510.16 2 5
github.com/munisp/UmojaFlowOS/services/payment-engine/internal/provider/yellowcard_webhook.go:510.16,512.3 1 0
github.com/munisp/UmojaFlowOS/services/payment-engine/internal/provider/yellowcard_webhook.go:513.2,514.128 2 5
github.com/munisp/UmojaFlowOS/services/payment-engine/internal/provider/yellowcard_webhook.go:514.128,516.17 2 5
github.com/munisp/UmojaFlowOS/services/payment-engine/internal/provider/yellowcard_webhook.go:516.17,518.4 1 0
github.com/munisp/UmojaFlowOS/services/payment-engine/internal/provider/yellowcard_webhook.go:519.3,519.38 1 5
github.com/munisp/UmojaFlowOS/services/payment-engine/internal/provider/yellowcard_webhook.go:521.2,521.21 1 5
github.com/munisp/UmojaFlowOS/services/payment-engine/internal/provider/yellowcard_webhook.go:524.71,525.34 1 8
github.com/munisp/UmojaFlowOS/services/payment-engine/internal/provider/yellowcard_webhook.go:525.34,526.31 1 8
github.com/munisp/UmojaFlowOS/services/payment-engine/internal/provider/yellowcard_webhook.go:526.31,528.4 1 7
github.com/munisp/UmojaFlowOS/services/payment-engine/internal/provider/yellowcard_webhook.go:530.2,530.14 1 1
github.com/munisp/UmojaFlowOS/services/payment-engine/internal/provider/yellowcard_webhook.go:533.56,536.2 2 4
github.com/munisp/UmojaFlowOS/services/payment-engine/internal/provider/yellowcard_webhook.go:538.133,539.58 1 5
github.com/munisp/UmojaFlowOS/services/payment-engine/internal/provider/yellowcard_webhook.go:539.58,541.3 1 0
github.com/munisp/UmojaFlowOS/services/payment-engine/internal/provider/yellowcard_webhook.go:542.2,542.33 1 5
github.com/munisp/UmojaFlowOS/services/payment-engine/internal/provider/yellowcard_webhook.go:542.33,544.17 2 7
github.com/munisp/UmojaFlowOS/services/payment-engine/internal/provider/yellowcard_webhook.go:544.17,546.4 1 4
github.com/munisp/UmojaFlowOS/services/payment-engine/internal/provider/yellowcard_webhook.go:548.2,548.96 1 1
github.com/munisp/UmojaFlowOS/services/payment-engine/internal/provider/yellowcard_webhook.go:553.86,554.19 1 10
github.com/munisp/UmojaFlowOS/services/payment-engine/internal/provider/yellowcard_webhook.go:554.19,556.3 1 0
github.com/munisp/UmojaFlowOS/services/payment-engine/internal/provider/yellowcard_webhook.go:557.2,557.94 1 10
github.com/munisp/UmojaFlowOS/services/payment-engine/internal/provider/yellowcard_webhook.go:557.94,559.3 1 1
github.com/munisp/UmojaFlowOS/services/payment-engine/internal/provider/yellowcard_webhook.go:560.2,560.366 1 9
github.com/munisp/UmojaFlowOS/services/payment-engine/internal/provider/yellowcard_webhook.go:560.366,562.3 1 3
github.com/munisp/UmojaFlowOS/services/payment-engine/internal/provider/yellowcard_webhook.go:563.2,563.383 1 6
github.com/munisp/UmojaFlowOS/services/payment-engine/internal/provider/yellowcard_webhook.go:563.383,565.3 1 2
github.com/munisp/UmojaFlowOS/services/payment-engine/internal/provider/yellowcard_webhook.go:566.2,567.208 2 4
github.com/munisp/UmojaFlowOS/services/payment-engine/internal/provider/yellowcard_webhook.go:567.208,569.3 1 1
github.com/munisp/UmojaFlowOS/services/payment-engine/internal/provider/yellowcard_webhook.go:570.2,571.16 2 3
github.com/munisp/UmojaFlowOS/services/payment-engine/internal/provider/yellowcard_webhook.go:571.16,573.3 1 1
github.com/munisp/UmojaFlowOS/services/payment-engine/internal/provider/yellowcard_webhook.go:574.2,575.16 2 2
github.com/munisp/UmojaFlowOS/services/payment-engine/internal/provider/yellowcard_webhook.go:575.16,577.3 1 1
github.com/munisp/UmojaFlowOS/services/payment-engine/internal/provider/yellowcard_webhook.go:578.2,579.16 2 1
github.com/munisp/UmojaFlowOS/services/payment-engine/internal/provider/yellowcard_webhook.go:579.16,581.3 1 1
github.com/munisp/UmojaFlowOS/services/payment-engine/internal/provider/yellowcard_webhook.go:582.2,592.42 2 0
github.com/munisp/UmojaFlowOS/services/payment-engine/internal/provider/yellowcard_webhook.go:592.42,594.3 1 0
github.com/munisp/UmojaFlowOS/services/payment-engine/internal/provider/yellowcard_webhook.go:595.2,597.16 3 0
github.com/munisp/UmojaFlowOS/services/payment-engine/internal/provider/yellowcard_webhook.go:597.16,599.3 1 0
github.com/munisp/UmojaFlowOS/services/payment-engine/internal/provider/yellowcard_webhook.go:600.2,601.38 2 0
github.com/munisp/UmojaFlowOS/services/payment-engine/internal/provider/yellowcard_webhook.go:601.38,603.3 1 0
github.com/munisp/UmojaFlowOS/services/payment-engine/internal/provider/yellowcard_webhook.go:604.2,605.41 2 0
github.com/munisp/UmojaFlowOS/services/payment-engine/internal/provider/yellowcard_webhook.go:605.41,607.3 1 0
github.com/munisp/UmojaFlowOS/services/payment-engine/internal/provider/yellowcard_webhook.go:608.2,610.49 3 0
github.com/munisp/UmojaFlowOS/services/payment-engine/internal/provider/yellowcard_webhook.go:610.49,612.3 1 0
github.com/munisp/UmojaFlowOS/services/payment-engine/internal/provider/yellowcard_webhook.go:613.2,622.91 4 0
github.com/munisp/UmojaFlowOS/services/payment-engine/internal/provider/yellowcard_webhook.go:622.91,624.3 1 0
github.com/munisp/UmojaFlowOS/services/payment-engine/internal/provider/yellowcard_webhook.go:625.2,632.8 1 0
github.com/munisp/UmojaFlowOS/services/payment-engine/internal/provider/yellowcard_webhook.go:635.58,636.36 1 0
github.com/munisp/UmojaFlowOS/services/payment-engine/internal/provider/yellowcard_webhook.go:636.36,638.3 1 0
github.com/munisp/UmojaFlowOS/services/payment-engine/internal/provider/yellowcard_webhook.go:639.2,639.14 1 0
github.com/munisp/UmojaFlowOS/services/payment-engine/internal/provider/yellowcard_webhook.go:654.131,655.19 1 1
github.com/munisp/UmojaFlowOS/services/payment-engine/internal/provider/yellowcard_webhook.go:655.19,657.3 1 0
github.com/munisp/UmojaFlowOS/services/payment-engine/internal/provider/yellowcard_webhook.go:658.2,660.16 3 1
github.com/munisp/UmojaFlowOS/services/payment-engine/internal/provider/yellowcard_webhook.go:660.16,662.3 1 0
github.com/munisp/UmojaFlowOS/services/payment-engine/internal/provider/yellowcard_webhook.go:663.2,664.16 2 1
github.com/munisp/UmojaFlowOS/services/payment-engine/internal/provider/yellowcard_webhook.go:664.16,666.3 1 0
github.com/munisp/UmojaFlowOS/services/payment-engine/internal/provider/yellowcard_webhook.go:667.2,668.16 2 1
github.com/munisp/UmojaFlowOS/services/payment-engine/internal/provider/yellowcard_webhook.go:668.16,670.3 1 0
github.com/munisp/UmojaFlowOS/services/payment-engine/internal/provider/yellowcard_webhook.go:671.2,671.119 1 1
